Build started at 2024-12-15T20:20:16.556771
Main binary: /usr/bin/python3
Build Options: -Daudio_drv_list=default -Ddefault_devices=true -Ddocdir=/usr/local/share/doc -Dqemu_firmwarepath=/usr/local/share/qemu-firmware -Dqemu_suffix=qemu -Dsphinx_build= -Dtrace_file=trace -Doptimization=0 -Ddebug=true -Dwerror=true -Dstrip=false -Db_pie=true -Db_coverage=false -Db_lto=false -Dcfi=false -Dtcg=enabled -Dxen=disabled -Dcapstone=auto -Dfdt=auto -Dslirp=auto -Dzcdev=enabled -Dprefix=/usr/local -Dbindir=/usr/local/bin -Ddatadir=/usr/local/share -Dincludedir=/usr/local/include -Dlibdir=/usr/local/lib -Dlibexecdir=/usr/local/libexec -Dlocaledir=/usr/local/share/locale -Dlocalstatedir=/usr/local/var -Dmandir=/usr/local/share/man -Dsysconfdir=/usr/local/etc '--native-file config-meson.cross'
Python system: Linux
The Meson build system
Version: 0.61.2
Source dir: /home/zuherj/codehub/qemu_pv_device
Build dir: /home/zuherj/codehub/qemu_pv_device/build
Build type: native build
Project name: qemu
Project version: 6.2.0
Sanity testing C compiler: cc -m64 -mcx16
Is cross compiler: False.
Sanity check compiler command line: cc -m64 -mcx16 sanitycheckc.c -o sanitycheckc.exe -D_FILE_OFFSET_BITS=64
Sanity check compile stdout:

-----
Sanity check compile stderr:

-----
Running test binary command: /home/zuherj/codehub/qemu_pv_device/build/meson-private/sanitycheckc.exe
C compiler for the host machine: cc -m64 -mcx16 (gcc 11.4.0 "cc (Ubuntu 11.4.0-1ubuntu1~22.04) 11.4.0")
C linker for the host machine: cc -m64 -mcx16 ld.bfd 2.38
Sanity testing C compiler: cc -m64 -mcx16
Is cross compiler: False.
Sanity check compiler command line: cc -m64 -mcx16 sanitycheckc.c -o sanitycheckc.exe -D_FILE_OFFSET_BITS=64
Sanity check compile stdout:

-----
Sanity check compile stderr:

-----
Running test binary command: /home/zuherj/codehub/qemu_pv_device/build/meson-private/sanitycheckc.exe
C compiler for the build machine: cc -m64 -mcx16 (gcc 11.4.0 "cc (Ubuntu 11.4.0-1ubuntu1~22.04) 11.4.0")
C linker for the build machine: cc -m64 -mcx16 ld.bfd 2.38
Build machine cpu family: x86_64
Build machine cpu: x86_64
Host machine cpu family: x86_64
Host machine cpu: x86_64
Target machine cpu family: x86_64
Target machine cpu: x86_64
Program sh found: YES (/usr/bin/sh)
Program python3 found: YES (/usr/bin/python3)
WARNING: Python files installed by Meson might not be found by python interpreter.
 This warning can be avoided by setting "python.platlibdir" option.
WARNING: Python files installed by Meson might not be found by python interpreter.
 This warning can be avoided by setting "python.purelibdir" option.
Program bzip2 found: YES (/usr/bin/bzip2)
Sanity testing C++ compiler: c++ -m64 -mcx16
Is cross compiler: False.
Sanity check compiler command line: c++ -m64 -mcx16 sanitycheckcpp.cc -o sanitycheckcpp.exe -D_FILE_OFFSET_BITS=64
Sanity check compile stdout:

-----
Sanity check compile stderr:

-----
Running test binary command: /home/zuherj/codehub/qemu_pv_device/build/meson-private/sanitycheckcpp.exe
C++ compiler for the host machine: c++ -m64 -mcx16 (gcc 11.4.0 "c++ (Ubuntu 11.4.0-1ubuntu1~22.04) 11.4.0")
C++ linker for the host machine: c++ -m64 -mcx16 ld.bfd 2.38
Program cgcc found: NO
Running compile:
Working directory:  /home/zuherj/codehub/qemu_pv_device/build/meson-private/tmpnsrdrds0
Command line:  cc -m64 -mcx16 /home/zuherj/codehub/qemu_pv_device/build/meson-private/tmpnsrdrds0/testfile.c -o /home/zuherj/codehub/qemu_pv_device/build/meson-private/tmpnsrdrds0/output.exe -D_FILE_OFFSET_BITS=64 -O0 -Wl,--start-group -lm -Wl,--end-group -Wl,--allow-shlib-undefined 

Code:
 int main(void) { return 0; }

Compiler stdout:
 
Compiler stderr:
 
Library m found: YES
Run-time dependency threads found: YES
Running compile:
Working directory:  /home/zuherj/codehub/qemu_pv_device/build/meson-private/tmp794fvrbb
Command line:  cc -m64 -mcx16 /home/zuherj/codehub/qemu_pv_device/build/meson-private/tmp794fvrbb/testfile.c -o /home/zuherj/codehub/qemu_pv_device/build/meson-private/tmp794fvrbb/output.exe -D_FILE_OFFSET_BITS=64 -O0 -Wl,--start-group -lutil -Wl,--end-group -Wl,--allow-shlib-undefined 

Code:
 int main(void) { return 0; }

Compiler stdout:
 
Compiler stderr:
 
Library util found: YES
Running compile:
Working directory:  /home/zuherj/codehub/qemu_pv_device/build/meson-private/tmpoicil8dr
Command line:  c++ -m64 -mcx16 /home/zuherj/codehub/qemu_pv_device/build/meson-private/tmpoicil8dr/testfile.cpp -o /home/zuherj/codehub/qemu_pv_device/build/meson-private/tmpoicil8dr/output.exe -D_FILE_OFFSET_BITS=64 -O0 -fpermissive -framework Hypervisor 

Code:
 int main(void) { return 0; }
Compiler stdout:
 
Compiler stderr:
 c++: error: unrecognized command-line option '-framework'

Run-time dependency appleframeworks found: NO (tried framework)
Pkg-config binary for 1 is not cached.
Pkg-config binary for 1 specified from cross file, native file, or env var as ['pkg-config']
Found pkg-config: /usr/bin/pkg-config (0.29.2)
Determining dependency 'pixman-1' with pkg-config executable '/usr/bin/pkg-config'
env[PKG_CONFIG_PATH]: 
Called `/usr/bin/pkg-config --modversion pixman-1` -> 0
0.40.0
env[PKG_CONFIG_PATH]: 
Called `/usr/bin/pkg-config --cflags pixman-1` -> 0
-I/usr/include/pixman-1
env[PKG_CONFIG_ALLOW_SYSTEM_LIBS]: 1
env[PKG_CONFIG_PATH]: 
Called `/usr/bin/pkg-config --libs pixman-1` -> 0
-L/usr/lib/x86_64-linux-gnu -lpixman-1
env[PKG_CONFIG_PATH]: 
Called `/usr/bin/pkg-config --libs pixman-1` -> 0
-lpixman-1
Running compile:
Working directory:  /home/zuherj/codehub/qemu_pv_device/build/meson-private/tmpfjyx6v5k
Command line:  c++ -m64 -mcx16 /home/zuherj/codehub/qemu_pv_device/build/meson-private/tmpfjyx6v5k/testfile.cpp -o /home/zuherj/codehub/qemu_pv_device/build/meson-private/tmpfjyx6v5k/output.exe -D_FILE_OFFSET_BITS=64 -O0 -fpermissive 

Code:
 #include<stdio.h>
        
        int main(void) {
            printf("%ld\n", (long)(sizeof(void *)));
            return 0;
        }
Compiler stdout:
 
Compiler stderr:
 
Program stdout:

8

Program stderr:


Running compile:
Working directory:  /home/zuherj/codehub/qemu_pv_device/build/meson-private/tmpali86v1n
Command line:  c++ -m64 -mcx16 /home/zuherj/codehub/qemu_pv_device/build/meson-private/tmpali86v1n/testfile.cpp -o /home/zuherj/codehub/qemu_pv_device/build/meson-private/tmpali86v1n/output.obj -c -D_FILE_OFFSET_BITS=64 -O0 -fpermissive --print-search-dirs 

Code:
 
Compiler stdout:
 install: /usr/lib/gcc/x86_64-linux-gnu/11/
programs: =/usr/lib/gcc/x86_64-linux-gnu/11/:/usr/lib/gcc/x86_64-linux-gnu/11/:/usr/lib/gcc/x86_64-linux-gnu/:/usr/lib/gcc/x86_64-linux-gnu/11/:/usr/lib/gcc/x86_64-linux-gnu/:/usr/lib/gcc/x86_64-linux-gnu/11/../../../../x86_64-linux-gnu/bin/x86_64-linux-gnu/11/:/usr/lib/gcc/x86_64-linux-gnu/11/../../../../x86_64-linux-gnu/bin/x86_64-linux-gnu/:/usr/lib/gcc/x86_64-linux-gnu/11/../../../../x86_64-linux-gnu/bin/
libraries: =/usr/lib/gcc/x86_64-linux-gnu/11/:/usr/lib/gcc/x86_64-linux-gnu/11/../../../../x86_64-linux-gnu/lib/x86_64-linux-gnu/11/:/usr/lib/gcc/x86_64-linux-gnu/11/../../../../x86_64-linux-gnu/lib/x86_64-linux-gnu/:/usr/lib/gcc/x86_64-linux-gnu/11/../../../../x86_64-linux-gnu/lib/../lib/:/usr/lib/gcc/x86_64-linux-gnu/11/../../../x86_64-linux-gnu/11/:/usr/lib/gcc/x86_64-linux-gnu/11/../../../x86_64-linux-gnu/:/usr/lib/gcc/x86_64-linux-gnu/11/../../../../lib/:/lib/x86_64-linux-gnu/11/:/lib/x86_64-linux-gnu/:/lib/../lib/:/usr/lib/x86_64-linux-gnu/11/:/usr/lib/x86_64-linux-gnu/:/usr/lib/../lib/:/usr/lib/gcc/x86_64-linux-gnu/11/../../../../x86_64-linux-gnu/lib/:/usr/lib/gcc/x86_64-linux-gnu/11/../../../:/lib/:/usr/lib/

Compiler stderr:
 
Run-time dependency pixman-1 found: YES 0.40.0
Pkg-config binary for 1 is cached.
Determining dependency 'zlib' with pkg-config executable '/usr/bin/pkg-config'
env[PKG_CONFIG_PATH]: 
Called `/usr/bin/pkg-config --modversion zlib` -> 0
1.2.11
env[PKG_CONFIG_PATH]: 
Called `/usr/bin/pkg-config --cflags zlib` -> 0

env[PKG_CONFIG_ALLOW_SYSTEM_LIBS]: 1
env[PKG_CONFIG_PATH]: 
Called `/usr/bin/pkg-config --libs zlib` -> 0
-L/usr/lib/x86_64-linux-gnu -lz
env[PKG_CONFIG_PATH]: 
Called `/usr/bin/pkg-config --libs zlib` -> 0
-lz
Run-time dependency zlib found: YES 1.2.11
Running compile:
Working directory:  /home/zuherj/codehub/qemu_pv_device/build/meson-private/tmprjawhri7
Command line:  cc -m64 -mcx16 /home/zuherj/codehub/qemu_pv_device/build/meson-private/tmprjawhri7/testfile.c -E -P -D_FILE_OFFSET_BITS=64 -P -O0 -std=gnu11 

Code:
 
        #ifdef __has_include
         #if !__has_include("libaio.h")
          #error "Header 'libaio.h' could not be found"
         #endif
        #else
         #include <libaio.h>
        #endif
Compiler stdout:
 
Compiler stderr:
 /home/zuherj/codehub/qemu_pv_device/build/meson-private/tmprjawhri7/testfile.c:4:12: error: #error "Header 'libaio.h' could not be found"
    4 |           #error "Header 'libaio.h' could not be found"
      |            ^~~~~

Has header "libaio.h" : NO 
Pkg-config binary for 1 is cached.
Determining dependency 'liburing' with pkg-config executable '/usr/bin/pkg-config'
env[PKG_CONFIG_PATH]: 
Called `/usr/bin/pkg-config --modversion liburing` -> 1

Run-time dependency liburing found: NO (tried pkgconfig)
Pkg-config binary for 1 is cached.
Determining dependency 'libxml-2.0' with pkg-config executable '/usr/bin/pkg-config'
env[PKG_CONFIG_PATH]: 
Called `/usr/bin/pkg-config --modversion libxml-2.0` -> 1

Run-time dependency libxml-2.0 found: NO (tried pkgconfig)
Pkg-config binary for 1 is cached.
Determining dependency 'libnfs' with pkg-config executable '/usr/bin/pkg-config'
env[PKG_CONFIG_PATH]: 
Called `/usr/bin/pkg-config --modversion libnfs` -> 1

Run-time dependency libnfs found: NO (tried pkgconfig)
Running compile:
Working directory:  /home/zuherj/codehub/qemu_pv_device/build/meson-private/tmplbwj567k
Command line:  cc -m64 -mcx16 /home/zuherj/codehub/qemu_pv_device/build/meson-private/tmplbwj567k/testfile.c -o /home/zuherj/codehub/qemu_pv_device/build/meson-private/tmplbwj567k/output.exe -D_FILE_OFFSET_BITS=64 -O0 -std=gnu11 

Code:
 
  #include <stddef.h>
  #include <sys/types.h>
  #ifdef CONFIG_LIBATTR
  #include <attr/xattr.h>
  #else
  #include <sys/xattr.h>
  #endif
  int main(void) { getxattr(NULL, NULL, NULL, 0); setxattr(NULL, NULL, NULL, 0, 0); return 0; }
Compiler stdout:
 
Compiler stderr:
 
Running compile:
Working directory:  /home/zuherj/codehub/qemu_pv_device/build/meson-private/tmpomt8yqqo
Command line:  c++ -m64 -mcx16 /home/zuherj/codehub/qemu_pv_device/build/meson-private/tmpomt8yqqo/testfile.cpp -o /home/zuherj/codehub/qemu_pv_device/build/meson-private/tmpomt8yqqo/output.exe -D_FILE_OFFSET_BITS=64 -O0 -fpermissive -framework Cocoa 

Code:
 int main(void) { return 0; }
Compiler stdout:
 
Compiler stderr:
 c++: error: unrecognized command-line option '-framework'

Run-time dependency appleframeworks found: NO (tried framework)
Pkg-config binary for 1 is cached.
Determining dependency 'libseccomp' with pkg-config executable '/usr/bin/pkg-config'
env[PKG_CONFIG_PATH]: 
Called `/usr/bin/pkg-config --modversion libseccomp` -> 1

Run-time dependency libseccomp found: NO (tried pkgconfig)
Running compile:
Working directory:  /home/zuherj/codehub/qemu_pv_device/build/meson-private/tmpjumqeige
Command line:  cc -m64 -mcx16 /home/zuherj/codehub/qemu_pv_device/build/meson-private/tmpjumqeige/testfile.c -E -P -D_FILE_OFFSET_BITS=64 -P -O0 -std=gnu11 

Code:
 
        #ifdef __has_include
         #if !__has_include("cap-ng.h")
          #error "Header 'cap-ng.h' could not be found"
         #endif
        #else
         #include <cap-ng.h>
        #endif
Compiler stdout:
 
Compiler stderr:
 
Has header "cap-ng.h" : YES 
Running compile:
Working directory:  /home/zuherj/codehub/qemu_pv_device/build/meson-private/tmp6y3ja0w3
Command line:  cc -m64 -mcx16 /home/zuherj/codehub/qemu_pv_device/build/meson-private/tmp6y3ja0w3/testfile.c -o /home/zuherj/codehub/qemu_pv_device/build/meson-private/tmp6y3ja0w3/output.exe -D_FILE_OFFSET_BITS=64 -O0 -Wl,--start-group -lcap-ng -Wl,--end-group -Wl,--allow-shlib-undefined 

Code:
 int main(void) { return 0; }

Compiler stdout:
 
Compiler stderr:
 
Library cap-ng found: YES
Running compile:
Working directory:  /home/zuherj/codehub/qemu_pv_device/build/meson-private/tmpaajyhi08
Command line:  cc -m64 -mcx16 /home/zuherj/codehub/qemu_pv_device/build/meson-private/tmpaajyhi08/testfile.c -o /home/zuherj/codehub/qemu_pv_device/build/meson-private/tmpaajyhi08/output.exe -D_FILE_OFFSET_BITS=64 -O0 -std=gnu11 -Wl,--start-group -lcap-ng -Wl,--end-group 

Code:
 
   #include <cap-ng.h>
   int main(void)
   {
     capng_capability_to_name(CAPNG_EFFECTIVE);
     return 0;
   }
Compiler stdout:
 
Compiler stderr:
 
Pkg-config binary for 1 is cached.
Determining dependency 'xkbcommon' with pkg-config executable '/usr/bin/pkg-config'
env[PKG_CONFIG_PATH]: 
Called `/usr/bin/pkg-config --modversion xkbcommon` -> 1

Run-time dependency xkbcommon found: NO (tried pkgconfig)
Running compile:
Working directory:  /home/zuherj/codehub/qemu_pv_device/build/meson-private/tmpa1awwp39
Command line:  cc -m64 -mcx16 /home/zuherj/codehub/qemu_pv_device/build/meson-private/tmpa1awwp39/testfile.c -E -P -D_FILE_OFFSET_BITS=64 -P -O0 -std=gnu11 

Code:
 
        #ifdef __has_include
         #if !__has_include("libvdeplug.h")
          #error "Header 'libvdeplug.h' could not be found"
         #endif
        #else
         #include <libvdeplug.h>
        #endif
Compiler stdout:
 
Compiler stderr:
 
Has header "libvdeplug.h" : YES 
Running compile:
Working directory:  /home/zuherj/codehub/qemu_pv_device/build/meson-private/tmpjv_108vb
Command line:  cc -m64 -mcx16 /home/zuherj/codehub/qemu_pv_device/build/meson-private/tmpjv_108vb/testfile.c -o /home/zuherj/codehub/qemu_pv_device/build/meson-private/tmpjv_108vb/output.exe -D_FILE_OFFSET_BITS=64 -O0 -Wl,--start-group -lvdeplug -Wl,--end-group -Wl,--allow-shlib-undefined 

Code:
 int main(void) { return 0; }

Compiler stdout:
 
Compiler stderr:
 
Library vdeplug found: YES
Running compile:
Working directory:  /home/zuherj/codehub/qemu_pv_device/build/meson-private/tmp8gg2b_ld
Command line:  cc -m64 -mcx16 /home/zuherj/codehub/qemu_pv_device/build/meson-private/tmp8gg2b_ld/testfile.c -o /home/zuherj/codehub/qemu_pv_device/build/meson-private/tmp8gg2b_ld/output.exe -D_FILE_OFFSET_BITS=64 -O0 -std=gnu11 -Wl,--start-group -lvdeplug -Wl,--end-group 

Code:
 
   #include <libvdeplug.h>
   int main(void)
   {
     struct vde_open_args a = {0, 0, 0};
     char s[] = "";
     vde_open(s, s, &a);
     return 0;
   }
Compiler stdout:
 
Compiler stderr:
 
Pkg-config binary for 1 is cached.
Determining dependency 'libpulse' with pkg-config executable '/usr/bin/pkg-config'
env[PKG_CONFIG_PATH]: 
Called `/usr/bin/pkg-config --modversion libpulse` -> 1

Run-time dependency libpulse found: NO (tried pkgconfig)
Pkg-config binary for 1 is cached.
Determining dependency 'alsa' with pkg-config executable '/usr/bin/pkg-config'
env[PKG_CONFIG_PATH]: 
Called `/usr/bin/pkg-config --modversion alsa` -> 1

Run-time dependency alsa found: NO (tried pkgconfig)
Pkg-config binary for 1 is cached.
Determining dependency 'jack' with pkg-config executable '/usr/bin/pkg-config'
env[PKG_CONFIG_PATH]: 
Called `/usr/bin/pkg-config --modversion jack` -> 1

Run-time dependency jack found: NO (tried pkgconfig)
Pkg-config binary for 1 is cached.
Determining dependency 'spice-protocol' with pkg-config executable '/usr/bin/pkg-config'
env[PKG_CONFIG_PATH]: 
Called `/usr/bin/pkg-config --modversion spice-protocol` -> 1

Run-time dependency spice-protocol found: NO (tried pkgconfig)
Pkg-config binary for 1 is cached.
Determining dependency 'spice-server' with pkg-config executable '/usr/bin/pkg-config'
env[PKG_CONFIG_PATH]: 
Called `/usr/bin/pkg-config --modversion spice-server` -> 1

Run-time dependency spice-server found: NO (tried pkgconfig)
Running compile:
Working directory:  /home/zuherj/codehub/qemu_pv_device/build/meson-private/tmpszhbevu2
Command line:  cc -m64 -mcx16 /home/zuherj/codehub/qemu_pv_device/build/meson-private/tmpszhbevu2/testfile.c -o /home/zuherj/codehub/qemu_pv_device/build/meson-private/tmpszhbevu2/output.exe -D_FILE_OFFSET_BITS=64 -O0 -Wl,--start-group -lrt -Wl,--end-group -Wl,--allow-shlib-undefined 

Code:
 int main(void) { return 0; }

Compiler stdout:
 
Compiler stderr:
 
Library rt found: YES
Pkg-config binary for 1 is cached.
Determining dependency 'libiscsi' with pkg-config executable '/usr/bin/pkg-config'
env[PKG_CONFIG_PATH]: 
Called `/usr/bin/pkg-config --modversion libiscsi` -> 1

Run-time dependency libiscsi found: NO (tried pkgconfig)
Pkg-config binary for 1 is cached.
Determining dependency 'libzstd' with pkg-config executable '/usr/bin/pkg-config'
env[PKG_CONFIG_PATH]: 
Called `/usr/bin/pkg-config --modversion libzstd` -> 1

Run-time dependency libzstd found: NO (tried pkgconfig)
Pkg-config binary for 1 is cached.
Determining dependency 'virglrenderer' with pkg-config executable '/usr/bin/pkg-config'
env[PKG_CONFIG_PATH]: 
Called `/usr/bin/pkg-config --modversion virglrenderer` -> 1

Run-time dependency virglrenderer found: NO (tried pkgconfig)
Pkg-config binary for 1 is cached.
Determining dependency 'libcurl' with pkg-config executable '/usr/bin/pkg-config'
env[PKG_CONFIG_PATH]: 
Called `/usr/bin/pkg-config --modversion libcurl` -> 1

Run-time dependency libcurl found: NO (tried pkgconfig)
Pkg-config binary for 1 is cached.
Determining dependency 'libudev' with pkg-config executable '/usr/bin/pkg-config'
env[PKG_CONFIG_PATH]: 
Called `/usr/bin/pkg-config --modversion libudev` -> 1

Run-time dependency libudev found: NO (tried pkgconfig)
Running compile:
Working directory:  /home/zuherj/codehub/qemu_pv_device/build/meson-private/tmpvw5bzlms
Command line:  cc -m64 -mcx16 /home/zuherj/codehub/qemu_pv_device/build/meson-private/tmpvw5bzlms/testfile.c -o /home/zuherj/codehub/qemu_pv_device/build/meson-private/tmpvw5bzlms/output.exe -D_FILE_OFFSET_BITS=64 -O0 -Wl,--start-group -lmpathpersist -Wl,--end-group -Wl,--allow-shlib-undefined 

Code:
 int main(void) { return 0; }

Compiler stdout:
 
Compiler stderr:
 
Library mpathpersist found: YES
Running compile:
Working directory:  /home/zuherj/codehub/qemu_pv_device/build/meson-private/tmpnkutb1bf
Command line:  cc -m64 -mcx16 /home/zuherj/codehub/qemu_pv_device/build/meson-private/tmpnkutb1bf/testfile.c -o /home/zuherj/codehub/qemu_pv_device/build/meson-private/tmpnkutb1bf/output.exe -D_FILE_OFFSET_BITS=64 -O0 -Wl,--start-group -lmultipath -Wl,--end-group -Wl,--allow-shlib-undefined 

Code:
 int main(void) { return 0; }

Compiler stdout:
 
Compiler stderr:
 
Library multipath found: YES
../meson.build:672: WARNING: Dependencies missing for libmpathpersist, disabling
Pkg-config binary for 1 is cached.
Determining dependency 'ncursesw' with pkg-config executable '/usr/bin/pkg-config'
env[PKG_CONFIG_PATH]: 
Called `/usr/bin/pkg-config --modversion ncursesw` -> 0
6.3.20211021
env[PKG_CONFIG_PATH]: 
Called `/usr/bin/pkg-config --cflags ncursesw` -> 0
-D_DEFAULT_SOURCE -D_XOPEN_SOURCE=600
env[PKG_CONFIG_ALLOW_SYSTEM_LIBS]: 1
env[PKG_CONFIG_PATH]: 
Called `/usr/bin/pkg-config --libs ncursesw` -> 0
-L/usr/lib/x86_64-linux-gnu -lncursesw -ltinfo
env[PKG_CONFIG_PATH]: 
Called `/usr/bin/pkg-config --libs ncursesw` -> 0
-lncursesw -ltinfo
Run-time dependency ncursesw found: YES 6.3.20211021
Running compile:
Working directory:  /home/zuherj/codehub/qemu_pv_device/build/meson-private/tmphrgx9p_1
Command line:  cc -m64 -mcx16 /home/zuherj/codehub/qemu_pv_device/build/meson-private/tmphrgx9p_1/testfile.c -o /home/zuherj/codehub/qemu_pv_device/build/meson-private/tmphrgx9p_1/output.exe -D_DEFAULT_SOURCE -D_XOPEN_SOURCE=600 -D_FILE_OFFSET_BITS=64 -O0 -std=gnu11 -DNCURSES_WIDECHAR=1 -Wl,--start-group /usr/lib/x86_64-linux-gnu/libncursesw.so /usr/lib/x86_64-linux-gnu/libtinfo.so -Wl,--end-group 

Code:
 
    #if defined(__APPLE__) || defined(__OpenBSD__)
    #define _XOPEN_SOURCE_EXTENDED 1
    #endif
    #include <locale.h>
    #include <curses.h>
    #include <wchar.h>
    int main(void) {
      wchar_t wch = L'w';
      setlocale(LC_ALL, "");
      resize_term(0, 0);
      addwstr(L"wide chars\n");
      addnwstr(&wch, 1);
      add_wch(WACS_DEGREE);
      return 0;
    }
Compiler stdout:
 
Compiler stderr:
 
Running compile:
Working directory:  /home/zuherj/codehub/qemu_pv_device/build/meson-private/tmpjqwtv7mb
Command line:  cc -m64 -mcx16 -I/usr/include/glib-2.0 -I/usr/lib/x86_64-linux-gnu/glib-2.0/include /home/zuherj/codehub/qemu_pv_device/build/meson-private/tmpjqwtv7mb/testfile.c -o /home/zuherj/codehub/qemu_pv_device/build/meson-private/tmpjqwtv7mb/output.exe -D_FILE_OFFSET_BITS=64 -O0 -std=gnu11 -pthread -Wl,--start-group -lgmodule-2.0 -lglib-2.0 -liconv -Wl,--end-group 

Code:
 
        #include <iconv.h>
        int main(void) {
          iconv_t conv = iconv_open("WCHAR_T", "UCS-2");
          return conv != (iconv_t) -1;
        }
Compiler stdout:
 
Compiler stderr:
 /usr/bin/ld: cannot find -liconv: No such file or directory
collect2: error: ld returned 1 exit status

Running compile:
Working directory:  /home/zuherj/codehub/qemu_pv_device/build/meson-private/tmpylwu0upm
Command line:  cc -m64 -mcx16 -I/usr/include/glib-2.0 -I/usr/lib/x86_64-linux-gnu/glib-2.0/include /home/zuherj/codehub/qemu_pv_device/build/meson-private/tmpylwu0upm/testfile.c -o /home/zuherj/codehub/qemu_pv_device/build/meson-private/tmpylwu0upm/output.exe -D_FILE_OFFSET_BITS=64 -O0 -std=gnu11 -pthread -Wl,--start-group -lgmodule-2.0 -lglib-2.0 -Wl,--end-group 

Code:
 
        #include <iconv.h>
        int main(void) {
          iconv_t conv = iconv_open("WCHAR_T", "UCS-2");
          return conv != (iconv_t) -1;
        }
Compiler stdout:
 
Compiler stderr:
 
Running compile:
Working directory:  /home/zuherj/codehub/qemu_pv_device/build/meson-private/tmpltylcmix
Command line:  cc -m64 -mcx16 /home/zuherj/codehub/qemu_pv_device/build/meson-private/tmpltylcmix/testfile.c -E -P -D_FILE_OFFSET_BITS=64 -P -O0 -std=gnu11 

Code:
 
        #ifdef __has_include
         #if !__has_include("brlapi.h")
          #error "Header 'brlapi.h' could not be found"
         #endif
        #else
         #include <brlapi.h>
        #endif
Compiler stdout:
 
Compiler stderr:
 /home/zuherj/codehub/qemu_pv_device/build/meson-private/tmpltylcmix/testfile.c:4:12: error: #error "Header 'brlapi.h' could not be found"
    4 |           #error "Header 'brlapi.h' could not be found"
      |            ^~~~~

Has header "brlapi.h" : NO 
Pkg-config binary for 1 is cached.
Determining dependency 'sdl2' with pkg-config executable '/usr/bin/pkg-config'
env[PKG_CONFIG_PATH]: 
Called `/usr/bin/pkg-config --modversion sdl2` -> 1

sdl2-config binary missing from cross or native file, or env var undefined.
Trying a default sdl2-config fallback at sdl2-config
sdl2-config found: NO
Run-time dependency sdl2 found: NO (tried pkgconfig and config-tool)
Running compile:
Working directory:  /home/zuherj/codehub/qemu_pv_device/build/meson-private/tmpr7_wyjsi
Command line:  cc -m64 -mcx16 /home/zuherj/codehub/qemu_pv_device/build/meson-private/tmpr7_wyjsi/testfile.c -o /home/zuherj/codehub/qemu_pv_device/build/meson-private/tmpr7_wyjsi/output.exe -D_FILE_OFFSET_BITS=64 -O0 -Wl,--start-group -lrados -Wl,--end-group -Wl,--allow-shlib-undefined 

Code:
 int main(void) { return 0; }

Compiler stdout:
 
Compiler stderr:
 /usr/bin/ld: cannot find -lrados: No such file or directory
collect2: error: ld returned 1 exit status

Running compile:
Working directory:  /home/zuherj/codehub/qemu_pv_device/build/meson-private/tmpq8zk8nnz
Command line:  cc -m64 -mcx16 /home/zuherj/codehub/qemu_pv_device/build/meson-private/tmpq8zk8nnz/testfile.c -o /home/zuherj/codehub/qemu_pv_device/build/meson-private/tmpq8zk8nnz/output.exe -D_FILE_OFFSET_BITS=64 -O0 

Code:
 #include<stdio.h>
        
        int main(void) {
            printf("%ld\n", (long)(sizeof(void *)));
            return 0;
        }
Compiler stdout:
 
Compiler stderr:
 
Program stdout:

8

Program stderr:


Running compile:
Working directory:  /home/zuherj/codehub/qemu_pv_device/build/meson-private/tmpomjompbz
Command line:  cc -m64 -mcx16 /home/zuherj/codehub/qemu_pv_device/build/meson-private/tmpomjompbz/testfile.c -o /home/zuherj/codehub/qemu_pv_device/build/meson-private/tmpomjompbz/output.obj -c -D_FILE_OFFSET_BITS=64 -O0 --print-search-dirs 

Code:
 
Compiler stdout:
 install: /usr/lib/gcc/x86_64-linux-gnu/11/
programs: =/usr/lib/gcc/x86_64-linux-gnu/11/:/usr/lib/gcc/x86_64-linux-gnu/11/:/usr/lib/gcc/x86_64-linux-gnu/:/usr/lib/gcc/x86_64-linux-gnu/11/:/usr/lib/gcc/x86_64-linux-gnu/:/usr/lib/gcc/x86_64-linux-gnu/11/../../../../x86_64-linux-gnu/bin/x86_64-linux-gnu/11/:/usr/lib/gcc/x86_64-linux-gnu/11/../../../../x86_64-linux-gnu/bin/x86_64-linux-gnu/:/usr/lib/gcc/x86_64-linux-gnu/11/../../../../x86_64-linux-gnu/bin/
libraries: =/usr/lib/gcc/x86_64-linux-gnu/11/:/usr/lib/gcc/x86_64-linux-gnu/11/../../../../x86_64-linux-gnu/lib/x86_64-linux-gnu/11/:/usr/lib/gcc/x86_64-linux-gnu/11/../../../../x86_64-linux-gnu/lib/x86_64-linux-gnu/:/usr/lib/gcc/x86_64-linux-gnu/11/../../../../x86_64-linux-gnu/lib/../lib/:/usr/lib/gcc/x86_64-linux-gnu/11/../../../x86_64-linux-gnu/11/:/usr/lib/gcc/x86_64-linux-gnu/11/../../../x86_64-linux-gnu/:/usr/lib/gcc/x86_64-linux-gnu/11/../../../../lib/:/lib/x86_64-linux-gnu/11/:/lib/x86_64-linux-gnu/:/lib/../lib/:/usr/lib/x86_64-linux-gnu/11/:/usr/lib/x86_64-linux-gnu/:/usr/lib/../lib/:/usr/lib/gcc/x86_64-linux-gnu/11/../../../../x86_64-linux-gnu/lib/:/usr/lib/gcc/x86_64-linux-gnu/11/../../../:/lib/:/usr/lib/

Compiler stderr:
 
Library rados found: NO
Running compile:
Working directory:  /home/zuherj/codehub/qemu_pv_device/build/meson-private/tmpxtoghj46
Command line:  cc -m64 -mcx16 /home/zuherj/codehub/qemu_pv_device/build/meson-private/tmpxtoghj46/testfile.c -E -P -D_FILE_OFFSET_BITS=64 -P -O0 -std=gnu11 

Code:
 
        #ifdef __has_include
         #if !__has_include("rbd/librbd.h")
          #error "Header 'rbd/librbd.h' could not be found"
         #endif
        #else
         #include <rbd/librbd.h>
        #endif
Compiler stdout:
 
Compiler stderr:
 /home/zuherj/codehub/qemu_pv_device/build/meson-private/tmpxtoghj46/testfile.c:4:12: error: #error "Header 'rbd/librbd.h' could not be found"
    4 |           #error "Header 'rbd/librbd.h' could not be found"
      |            ^~~~~

Has header "rbd/librbd.h" : NO 
Pkg-config binary for 1 is cached.
Determining dependency 'glusterfs-api' with pkg-config executable '/usr/bin/pkg-config'
env[PKG_CONFIG_PATH]: 
Called `/usr/bin/pkg-config --modversion glusterfs-api` -> 1

Run-time dependency glusterfs-api found: NO (tried pkgconfig)
Running compile:
Working directory:  /home/zuherj/codehub/qemu_pv_device/build/meson-private/tmpmgqs7iqc
Command line:  cc -m64 -mcx16 /home/zuherj/codehub/qemu_pv_device/build/meson-private/tmpmgqs7iqc/testfile.c -E -P -D_FILE_OFFSET_BITS=64 -P -O0 -std=gnu11 

Code:
 
        #ifdef __has_include
         #if !__has_include("bzlib.h")
          #error "Header 'bzlib.h' could not be found"
         #endif
        #else
         #include <bzlib.h>
        #endif
Compiler stdout:
 
Compiler stderr:
 /home/zuherj/codehub/qemu_pv_device/build/meson-private/tmpmgqs7iqc/testfile.c:4:12: error: #error "Header 'bzlib.h' could not be found"
    4 |           #error "Header 'bzlib.h' could not be found"
      |            ^~~~~

Has header "bzlib.h" : NO 
Running compile:
Working directory:  /home/zuherj/codehub/qemu_pv_device/build/meson-private/tmpnjj49kkb
Command line:  cc -m64 -mcx16 /home/zuherj/codehub/qemu_pv_device/build/meson-private/tmpnjj49kkb/testfile.c -E -P -D_FILE_OFFSET_BITS=64 -P -O0 -std=gnu11 

Code:
 
        #ifdef __has_include
         #if !__has_include("lzfse.h")
          #error "Header 'lzfse.h' could not be found"
         #endif
        #else
         #include <lzfse.h>
        #endif
Compiler stdout:
 
Compiler stderr:
 /home/zuherj/codehub/qemu_pv_device/build/meson-private/tmpnjj49kkb/testfile.c:4:12: error: #error "Header 'lzfse.h' could not be found"
    4 |           #error "Header 'lzfse.h' could not be found"
      |            ^~~~~

Has header "lzfse.h" : NO 
Running compile:
Working directory:  /home/zuherj/codehub/qemu_pv_device/build/meson-private/tmpaetmd9bp
Command line:  cc -m64 -mcx16 /home/zuherj/codehub/qemu_pv_device/build/meson-private/tmpaetmd9bp/testfile.c -E -P -D_FILE_OFFSET_BITS=64 -P -O0 -std=gnu11 

Code:
 
        #ifdef __has_include
         #if !__has_include("sys/soundcard.h")
          #error "Header 'sys/soundcard.h' could not be found"
         #endif
        #else
         #include <sys/soundcard.h>
        #endif
Compiler stdout:
 
Compiler stderr:
 
Has header "sys/soundcard.h" : YES 
Pkg-config binary for 1 is cached.
Determining dependency 'gnutls' with pkg-config executable '/usr/bin/pkg-config'
env[PKG_CONFIG_PATH]: 
Called `/usr/bin/pkg-config --modversion gnutls` -> 1

Run-time dependency gnutls found: NO (tried pkgconfig)
Pkg-config binary for 1 is cached.
Determining dependency 'gnutls' with pkg-config executable '/usr/bin/pkg-config'
env[PKG_CONFIG_PATH]: 
Run-time dependency gnutls found: NO (tried pkgconfig)
libgcrypt-config binary missing from cross or native file, or env var undefined.
Trying a default libgcrypt-config fallback at libgcrypt-config
libgcrypt-config found: NO need ['>=1.8']
Run-time dependency libgcrypt found: NO (tried config-tool)
Pkg-config binary for 1 is cached.
Determining dependency 'nettle' with pkg-config executable '/usr/bin/pkg-config'
env[PKG_CONFIG_PATH]: 
Called `/usr/bin/pkg-config --modversion nettle` -> 1

Run-time dependency nettle found: NO (tried pkgconfig)
Pkg-config binary for 1 is cached.
Determining dependency 'gtk+-3.0' with pkg-config executable '/usr/bin/pkg-config'
env[PKG_CONFIG_PATH]: 
Called `/usr/bin/pkg-config --modversion gtk+-3.0` -> 1

Run-time dependency gtk+-3.0 found: NO (tried pkgconfig)
Pkg-config binary for 1 is cached.
Determining dependency 'libpng' with pkg-config executable '/usr/bin/pkg-config'
env[PKG_CONFIG_PATH]: 
Called `/usr/bin/pkg-config --modversion libpng` -> 1

Run-time dependency libpng found: NO (tried pkgconfig)
Pkg-config binary for 1 is cached.
Determining dependency 'libjpeg' with pkg-config executable '/usr/bin/pkg-config'
env[PKG_CONFIG_PATH]: 
Called `/usr/bin/pkg-config --modversion libjpeg` -> 1

Run-time dependency libjpeg found: NO (tried pkgconfig)
Running compile:
Working directory:  /home/zuherj/codehub/qemu_pv_device/build/meson-private/tmpxvpxdqv_
Command line:  cc -m64 -mcx16 /home/zuherj/codehub/qemu_pv_device/build/meson-private/tmpxvpxdqv_/testfile.c -E -P -D_FILE_OFFSET_BITS=64 -P -O0 -std=gnu11 

Code:
 
        #ifdef __has_include
         #if !__has_include("sasl/sasl.h")
          #error "Header 'sasl/sasl.h' could not be found"
         #endif
        #else
         #include <sasl/sasl.h>
        #endif
Compiler stdout:
 
Compiler stderr:
 /home/zuherj/codehub/qemu_pv_device/build/meson-private/tmpxvpxdqv_/testfile.c:4:12: error: #error "Header 'sasl/sasl.h' could not be found"
    4 |           #error "Header 'sasl/sasl.h' could not be found"
      |            ^~~~~

Has header "sasl/sasl.h" : NO 
Running compile:
Working directory:  /home/zuherj/codehub/qemu_pv_device/build/meson-private/tmpbyltc7ia
Command line:  cc -m64 -mcx16 /home/zuherj/codehub/qemu_pv_device/build/meson-private/tmpbyltc7ia/testfile.c -E -P -D_FILE_OFFSET_BITS=64 -P -O0 -std=gnu11 

Code:
 
        #ifdef __has_include
         #if !__has_include("security/pam_appl.h")
          #error "Header 'security/pam_appl.h' could not be found"
         #endif
        #else
         #include <security/pam_appl.h>
        #endif
Compiler stdout:
 
Compiler stderr:
 /home/zuherj/codehub/qemu_pv_device/build/meson-private/tmpbyltc7ia/testfile.c:4:12: error: #error "Header 'security/pam_appl.h' could not be found"
    4 |           #error "Header 'security/pam_appl.h' could not be found"
      |            ^~~~~

Has header "security/pam_appl.h" : NO 
Running compile:
Working directory:  /home/zuherj/codehub/qemu_pv_device/build/meson-private/tmpywyn_ar1
Command line:  cc -m64 -mcx16 /home/zuherj/codehub/qemu_pv_device/build/meson-private/tmpywyn_ar1/testfile.c -E -P -D_FILE_OFFSET_BITS=64 -P -O0 -std=gnu11 

Code:
 
        #ifdef __has_include
         #if !__has_include("snappy-c.h")
          #error "Header 'snappy-c.h' could not be found"
         #endif
        #else
         #include <snappy-c.h>
        #endif
Compiler stdout:
 
Compiler stderr:
 /home/zuherj/codehub/qemu_pv_device/build/meson-private/tmpywyn_ar1/testfile.c:4:12: error: #error "Header 'snappy-c.h' could not be found"
    4 |           #error "Header 'snappy-c.h' could not be found"
      |            ^~~~~

Has header "snappy-c.h" : NO 
Running compile:
Working directory:  /home/zuherj/codehub/qemu_pv_device/build/meson-private/tmpfil6iqy1
Command line:  cc -m64 -mcx16 /home/zuherj/codehub/qemu_pv_device/build/meson-private/tmpfil6iqy1/testfile.c -E -P -D_FILE_OFFSET_BITS=64 -P -O0 -std=gnu11 

Code:
 
        #ifdef __has_include
         #if !__has_include("lzo/lzo1x.h")
          #error "Header 'lzo/lzo1x.h' could not be found"
         #endif
        #else
         #include <lzo/lzo1x.h>
        #endif
Compiler stdout:
 
Compiler stderr:
 /home/zuherj/codehub/qemu_pv_device/build/meson-private/tmpfil6iqy1/testfile.c:4:12: error: #error "Header 'lzo/lzo1x.h' could not be found"
    4 |           #error "Header 'lzo/lzo1x.h' could not be found"
      |            ^~~~~

Has header "lzo/lzo1x.h" : NO 
Pkg-config binary for 1 is cached.
Determining dependency 'libcacard' with pkg-config executable '/usr/bin/pkg-config'
env[PKG_CONFIG_PATH]: 
Called `/usr/bin/pkg-config --modversion libcacard` -> 1

Run-time dependency libcacard found: NO (tried pkgconfig)
Pkg-config binary for 1 is cached.
Determining dependency 'u2f-emu' with pkg-config executable '/usr/bin/pkg-config'
env[PKG_CONFIG_PATH]: 
Called `/usr/bin/pkg-config --modversion u2f-emu` -> 1

Run-time dependency u2f-emu found: NO (tried pkgconfig)
Pkg-config binary for 1 is cached.
Determining dependency 'libusbredirparser-0.5' with pkg-config executable '/usr/bin/pkg-config'
env[PKG_CONFIG_PATH]: 
Called `/usr/bin/pkg-config --modversion libusbredirparser-0.5` -> 1

Run-time dependency libusbredirparser-0.5 found: NO (tried pkgconfig)
Pkg-config binary for 1 is cached.
Determining dependency 'libusb-1.0' with pkg-config executable '/usr/bin/pkg-config'
env[PKG_CONFIG_PATH]: 
Called `/usr/bin/pkg-config --modversion libusb-1.0` -> 1

Run-time dependency libusb-1.0 found: NO (tried pkgconfig)
Pkg-config binary for 1 is cached.
Determining dependency 'libpmem' with pkg-config executable '/usr/bin/pkg-config'
env[PKG_CONFIG_PATH]: 
Called `/usr/bin/pkg-config --modversion libpmem` -> 1

Run-time dependency libpmem found: NO (tried pkgconfig)
Pkg-config binary for 1 is cached.
Determining dependency 'libdaxctl' with pkg-config executable '/usr/bin/pkg-config'
env[PKG_CONFIG_PATH]: 
Called `/usr/bin/pkg-config --modversion libdaxctl` -> 1

Run-time dependency libdaxctl found: NO (tried pkgconfig)
Pkg-config binary for 1 is cached.
Determining dependency 'libkeyutils' with pkg-config executable '/usr/bin/pkg-config'
env[PKG_CONFIG_PATH]: 
Called `/usr/bin/pkg-config --modversion libkeyutils` -> 1

Run-time dependency libkeyutils found: NO (tried pkgconfig)
Running compile:
Working directory:  /home/zuherj/codehub/qemu_pv_device/build/meson-private/tmpbpmuuuci
Command line:  cc -m64 -mcx16 /home/zuherj/codehub/qemu_pv_device/build/meson-private/tmpbpmuuuci/testfile.c -o /home/zuherj/codehub/qemu_pv_device/build/meson-private/tmpbpmuuuci/output.exe -D_FILE_OFFSET_BITS=64 -O0 -std=gnu11 

Code:
 
        #define gettid meson_disable_define_of_gettid
        
        #include <limits.h>
        #undef gettid
        
        #ifdef __cplusplus
        extern "C"
        #endif
        char gettid (void);
        
        #if defined __stub_gettid || defined __stub___gettid
        fail fail fail this function is not going to work
        #endif
        
        int main(void) {
          return gettid ();
        }
Compiler stdout:
 
Compiler stderr:
 
Checking for function "gettid" : YES 
Pkg-config binary for 1 is cached.
Determining dependency 'libselinux' with pkg-config executable '/usr/bin/pkg-config'
env[PKG_CONFIG_PATH]: 
Called `/usr/bin/pkg-config --modversion libselinux` -> 0
3.3
env[PKG_CONFIG_PATH]: 
Called `/usr/bin/pkg-config --cflags libselinux` -> 0

env[PKG_CONFIG_ALLOW_SYSTEM_LIBS]: 1
env[PKG_CONFIG_PATH]: 
Called `/usr/bin/pkg-config --libs libselinux` -> 0
-L/usr/lib -lselinux
env[PKG_CONFIG_PATH]: 
Called `/usr/bin/pkg-config --libs libselinux` -> 0
-lselinux
Run-time dependency libselinux found: YES 3.3
Running compile:
Working directory:  /home/zuherj/codehub/qemu_pv_device/build/meson-private/tmpqgpne5e4
Command line:  cc -m64 -mcx16 /home/zuherj/codehub/qemu_pv_device/build/meson-private/tmpqgpne5e4/testfile.c -o /home/zuherj/codehub/qemu_pv_device/build/meson-private/tmpqgpne5e4/output.exe -D_FILE_OFFSET_BITS=64 -O0 -std=gnu11 

Code:
 #include <malloc.h>
                int main(void) { malloc_trim(0); return 0; }
Compiler stdout:
 
Compiler stderr:
 
Running compile:
Working directory:  /home/zuherj/codehub/qemu_pv_device/build/meson-private/tmpmn95ul1o
Command line:  cc -m64 -mcx16 /home/zuherj/codehub/qemu_pv_device/build/meson-private/tmpmn95ul1o/testfile.c -o /home/zuherj/codehub/qemu_pv_device/build/meson-private/tmpmn95ul1o/output.exe -D_FILE_OFFSET_BITS=64 -O0 -std=gnu11 

Code:
 
  #ifndef _GNU_SOURCE
  #define _GNU_SOURCE
  #endif

  #include <sys/stat.h>
  int main(void) {
    struct statx statxbuf;
    statx(0, "", 0, STATX_BASIC_STATS, &statxbuf);
    return 0;
  }
Compiler stdout:
 
Compiler stderr:
 
Pkg-config binary for 1 is cached.
Determining dependency 'fuse3' with pkg-config executable '/usr/bin/pkg-config'
env[PKG_CONFIG_PATH]: 
Called `/usr/bin/pkg-config --modversion fuse3` -> 1

Run-time dependency fuse3 found: NO (tried pkgconfig)
Pkg-config binary for 1 is cached.
Determining dependency 'libbpf' with pkg-config executable '/usr/bin/pkg-config'
env[PKG_CONFIG_PATH]: 
Called `/usr/bin/pkg-config --modversion libbpf` -> 1

Run-time dependency libbpf found: NO (tried pkgconfig)
Running compile:
Working directory:  /home/zuherj/codehub/qemu_pv_device/build/meson-private/tmpecpbhg4m
Command line:  cc -m64 -mcx16 /home/zuherj/codehub/qemu_pv_device/build/meson-private/tmpecpbhg4m/testfile.c -E -P -D_FILE_OFFSET_BITS=64 -P -O0 -std=gnu11 

Code:
 
        #ifdef __has_include
         #if !__has_include("sys/epoll.h")
          #error "Header 'sys/epoll.h' could not be found"
         #endif
        #else
         #include <sys/epoll.h>
        #endif
Compiler stdout:
 
Compiler stderr:
 
Has header "sys/epoll.h" : YES 
Running compile:
Working directory:  /home/zuherj/codehub/qemu_pv_device/build/meson-private/tmpygevjcf_
Command line:  cc -m64 -mcx16 /home/zuherj/codehub/qemu_pv_device/build/meson-private/tmpygevjcf_/testfile.c -E -P -D_FILE_OFFSET_BITS=64 -P -O0 -std=gnu11 

Code:
 
        #ifdef __has_include
         #if !__has_include("linux/magic.h")
          #error "Header 'linux/magic.h' could not be found"
         #endif
        #else
         #include <linux/magic.h>
        #endif
Compiler stdout:
 
Compiler stderr:
 
Has header "linux/magic.h" : YES 
Running compile:
Working directory:  /home/zuherj/codehub/qemu_pv_device/build/meson-private/tmpo9z3xbj9
Command line:  cc -m64 -mcx16 /home/zuherj/codehub/qemu_pv_device/build/meson-private/tmpo9z3xbj9/testfile.c -E -P -D_FILE_OFFSET_BITS=64 -P -O0 -std=gnu11 

Code:
 
        #ifdef __has_include
         #if !__has_include("valgrind/valgrind.h")
          #error "Header 'valgrind/valgrind.h' could not be found"
         #endif
        #else
         #include <valgrind/valgrind.h>
        #endif
Compiler stdout:
 
Compiler stderr:
 /home/zuherj/codehub/qemu_pv_device/build/meson-private/tmpo9z3xbj9/testfile.c:4:12: error: #error "Header 'valgrind/valgrind.h' could not be found"
    4 |           #error "Header 'valgrind/valgrind.h' could not be found"
      |            ^~~~~

Has header "valgrind/valgrind.h" : NO 
Running compile:
Working directory:  /home/zuherj/codehub/qemu_pv_device/build/meson-private/tmpqp8xfq8t
Command line:  cc -m64 -mcx16 /home/zuherj/codehub/qemu_pv_device/build/meson-private/tmpqp8xfq8t/testfile.c -E -P -D_FILE_OFFSET_BITS=64 -P -O0 -std=gnu11 

Code:
 
        #ifdef __has_include
         #if !__has_include("linux/btrfs.h")
          #error "Header 'linux/btrfs.h' could not be found"
         #endif
        #else
         #include <linux/btrfs.h>
        #endif
Compiler stdout:
 
Compiler stderr:
 
Has header "linux/btrfs.h" : YES 
Running compile:
Working directory:  /home/zuherj/codehub/qemu_pv_device/build/meson-private/tmpq_8wiilv
Command line:  cc -m64 -mcx16 /home/zuherj/codehub/qemu_pv_device/build/meson-private/tmpq_8wiilv/testfile.c -E -P -D_FILE_OFFSET_BITS=64 -P -O0 -std=gnu11 

Code:
 
        #ifdef __has_include
         #if !__has_include("libdrm/drm.h")
          #error "Header 'libdrm/drm.h' could not be found"
         #endif
        #else
         #include <libdrm/drm.h>
        #endif
Compiler stdout:
 
Compiler stderr:
 /home/zuherj/codehub/qemu_pv_device/build/meson-private/tmpq_8wiilv/testfile.c:4:12: error: #error "Header 'libdrm/drm.h' could not be found"
    4 |           #error "Header 'libdrm/drm.h' could not be found"
      |            ^~~~~

Has header "libdrm/drm.h" : NO 
Running compile:
Working directory:  /home/zuherj/codehub/qemu_pv_device/build/meson-private/tmp09bpdez4
Command line:  cc -m64 -mcx16 /home/zuherj/codehub/qemu_pv_device/build/meson-private/tmp09bpdez4/testfile.c -E -P -D_FILE_OFFSET_BITS=64 -P -O0 -std=gnu11 

Code:
 
        #ifdef __has_include
         #if !__has_include("pty.h")
          #error "Header 'pty.h' could not be found"
         #endif
        #else
         #include <pty.h>
        #endif
Compiler stdout:
 
Compiler stderr:
 
Has header "pty.h" : YES 
Running compile:
Working directory:  /home/zuherj/codehub/qemu_pv_device/build/meson-private/tmp260gn2op
Command line:  cc -m64 -mcx16 /home/zuherj/codehub/qemu_pv_device/build/meson-private/tmp260gn2op/testfile.c -E -P -D_FILE_OFFSET_BITS=64 -P -O0 -std=gnu11 

Code:
 
        #ifdef __has_include
         #if !__has_include("sys/disk.h")
          #error "Header 'sys/disk.h' could not be found"
         #endif
        #else
         #include <sys/disk.h>
        #endif
Compiler stdout:
 
Compiler stderr:
 /home/zuherj/codehub/qemu_pv_device/build/meson-private/tmp260gn2op/testfile.c:4:12: error: #error "Header 'sys/disk.h' could not be found"
    4 |           #error "Header 'sys/disk.h' could not be found"
      |            ^~~~~

Has header "sys/disk.h" : NO 
Running compile:
Working directory:  /home/zuherj/codehub/qemu_pv_device/build/meson-private/tmp82kogda0
Command line:  cc -m64 -mcx16 /home/zuherj/codehub/qemu_pv_device/build/meson-private/tmp82kogda0/testfile.c -E -P -D_FILE_OFFSET_BITS=64 -P -O0 -std=gnu11 

Code:
 
        #ifdef __has_include
         #if !__has_include("sys/ioccom.h")
          #error "Header 'sys/ioccom.h' could not be found"
         #endif
        #else
         #include <sys/ioccom.h>
        #endif
Compiler stdout:
 
Compiler stderr:
 /home/zuherj/codehub/qemu_pv_device/build/meson-private/tmp82kogda0/testfile.c:4:12: error: #error "Header 'sys/ioccom.h' could not be found"
    4 |           #error "Header 'sys/ioccom.h' could not be found"
      |            ^~~~~

Has header "sys/ioccom.h" : NO 
Running compile:
Working directory:  /home/zuherj/codehub/qemu_pv_device/build/meson-private/tmpccmeb5s2
Command line:  cc -m64 -mcx16 /home/zuherj/codehub/qemu_pv_device/build/meson-private/tmpccmeb5s2/testfile.c -E -P -D_FILE_OFFSET_BITS=64 -P -O0 -std=gnu11 

Code:
 
        #ifdef __has_include
         #if !__has_include("sys/kcov.h")
          #error "Header 'sys/kcov.h' could not be found"
         #endif
        #else
         #include <sys/kcov.h>
        #endif
Compiler stdout:
 
Compiler stderr:
 /home/zuherj/codehub/qemu_pv_device/build/meson-private/tmpccmeb5s2/testfile.c:4:12: error: #error "Header 'sys/kcov.h' could not be found"
    4 |           #error "Header 'sys/kcov.h' could not be found"
      |            ^~~~~

Has header "sys/kcov.h" : NO 
Running compile:
Working directory:  /home/zuherj/codehub/qemu_pv_device/build/meson-private/tmp_m5jk1t6
Command line:  cc -m64 -mcx16 /home/zuherj/codehub/qemu_pv_device/build/meson-private/tmp_m5jk1t6/testfile.c -o /home/zuherj/codehub/qemu_pv_device/build/meson-private/tmp_m5jk1t6/output.exe -D_FILE_OFFSET_BITS=64 -O0 -std=gnu11 

Code:
 
        #define accept4 meson_disable_define_of_accept4
        
        #include <limits.h>
        #undef accept4
        
        #ifdef __cplusplus
        extern "C"
        #endif
        char accept4 (void);
        
        #if defined __stub_accept4 || defined __stub___accept4
        fail fail fail this function is not going to work
        #endif
        
        int main(void) {
          return accept4 ();
        }
Compiler stdout:
 
Compiler stderr:
 
Checking for function "accept4" : YES 
Running compile:
Working directory:  /home/zuherj/codehub/qemu_pv_device/build/meson-private/tmp11_64x_p
Command line:  cc -m64 -mcx16 /home/zuherj/codehub/qemu_pv_device/build/meson-private/tmp11_64x_p/testfile.c -o /home/zuherj/codehub/qemu_pv_device/build/meson-private/tmp11_64x_p/output.exe -D_FILE_OFFSET_BITS=64 -O0 -std=gnu11 

Code:
 
        #define clock_adjtime meson_disable_define_of_clock_adjtime
        
        #include <limits.h>
        #undef clock_adjtime
        
        #ifdef __cplusplus
        extern "C"
        #endif
        char clock_adjtime (void);
        
        #if defined __stub_clock_adjtime || defined __stub___clock_adjtime
        fail fail fail this function is not going to work
        #endif
        
        int main(void) {
          return clock_adjtime ();
        }
Compiler stdout:
 
Compiler stderr:
 
Checking for function "clock_adjtime" : YES 
Running compile:
Working directory:  /home/zuherj/codehub/qemu_pv_device/build/meson-private/tmpv_znf43q
Command line:  cc -m64 -mcx16 /home/zuherj/codehub/qemu_pv_device/build/meson-private/tmpv_znf43q/testfile.c -o /home/zuherj/codehub/qemu_pv_device/build/meson-private/tmpv_znf43q/output.exe -D_FILE_OFFSET_BITS=64 -O0 -std=gnu11 

Code:
 
        #define dup3 meson_disable_define_of_dup3
        
        #include <limits.h>
        #undef dup3
        
        #ifdef __cplusplus
        extern "C"
        #endif
        char dup3 (void);
        
        #if defined __stub_dup3 || defined __stub___dup3
        fail fail fail this function is not going to work
        #endif
        
        int main(void) {
          return dup3 ();
        }
Compiler stdout:
 
Compiler stderr:
 
Checking for function "dup3" : YES 
Running compile:
Working directory:  /home/zuherj/codehub/qemu_pv_device/build/meson-private/tmpc0tc51sz
Command line:  cc -m64 -mcx16 /home/zuherj/codehub/qemu_pv_device/build/meson-private/tmpc0tc51sz/testfile.c -o /home/zuherj/codehub/qemu_pv_device/build/meson-private/tmpc0tc51sz/output.exe -D_FILE_OFFSET_BITS=64 -O0 -std=gnu11 

Code:
 
        #define fallocate meson_disable_define_of_fallocate
        
        #include <limits.h>
        #undef fallocate
        
        #ifdef __cplusplus
        extern "C"
        #endif
        char fallocate (void);
        
        #if defined __stub_fallocate || defined __stub___fallocate
        fail fail fail this function is not going to work
        #endif
        
        int main(void) {
          return fallocate ();
        }
Compiler stdout:
 
Compiler stderr:
 
Checking for function "fallocate" : YES 
Running compile:
Working directory:  /home/zuherj/codehub/qemu_pv_device/build/meson-private/tmp95fvib0f
Command line:  cc -m64 -mcx16 /home/zuherj/codehub/qemu_pv_device/build/meson-private/tmp95fvib0f/testfile.c -o /home/zuherj/codehub/qemu_pv_device/build/meson-private/tmp95fvib0f/output.exe -D_FILE_OFFSET_BITS=64 -O0 -std=gnu11 

Code:
 
        #define posix_fallocate meson_disable_define_of_posix_fallocate
        
        #include <limits.h>
        #undef posix_fallocate
        
        #ifdef __cplusplus
        extern "C"
        #endif
        char posix_fallocate (void);
        
        #if defined __stub_posix_fallocate || defined __stub___posix_fallocate
        fail fail fail this function is not going to work
        #endif
        
        int main(void) {
          return posix_fallocate ();
        }
Compiler stdout:
 
Compiler stderr:
 
Checking for function "posix_fallocate" : YES 
Running compile:
Working directory:  /home/zuherj/codehub/qemu_pv_device/build/meson-private/tmpreigyjm6
Command line:  cc -m64 -mcx16 /home/zuherj/codehub/qemu_pv_device/build/meson-private/tmpreigyjm6/testfile.c -o /home/zuherj/codehub/qemu_pv_device/build/meson-private/tmpreigyjm6/output.exe -D_FILE_OFFSET_BITS=64 -O0 -std=gnu11 

Code:
 
        #define posix_memalign meson_disable_define_of_posix_memalign
        
        #include <limits.h>
        #undef posix_memalign
        
        #ifdef __cplusplus
        extern "C"
        #endif
        char posix_memalign (void);
        
        #if defined __stub_posix_memalign || defined __stub___posix_memalign
        fail fail fail this function is not going to work
        #endif
        
        int main(void) {
          return posix_memalign ();
        }
Compiler stdout:
 
Compiler stderr:
 /home/zuherj/codehub/qemu_pv_device/build/meson-private/tmpreigyjm6/testfile.c:10:14: warning: conflicting types for built-in function 'posix_memalign'; expected 'int(void **, long unsigned int,  long unsigned int)' [-Wbuiltin-declaration-mismatch]
   10 |         char posix_memalign (void);
      |              ^~~~~~~~~~~~~~

Checking for function "posix_memalign" : YES 
Running compile:
Working directory:  /home/zuherj/codehub/qemu_pv_device/build/meson-private/tmpbvedrz97
Command line:  cc -m64 -mcx16 /home/zuherj/codehub/qemu_pv_device/build/meson-private/tmpbvedrz97/testfile.c -o /home/zuherj/codehub/qemu_pv_device/build/meson-private/tmpbvedrz97/output.exe -D_FILE_OFFSET_BITS=64 -O0 -std=gnu11 

Code:
 
        #define ppoll meson_disable_define_of_ppoll
        
        #include <limits.h>
        #undef ppoll
        
        #ifdef __cplusplus
        extern "C"
        #endif
        char ppoll (void);
        
        #if defined __stub_ppoll || defined __stub___ppoll
        fail fail fail this function is not going to work
        #endif
        
        int main(void) {
          return ppoll ();
        }
Compiler stdout:
 
Compiler stderr:
 
Checking for function "ppoll" : YES 
Running compile:
Working directory:  /home/zuherj/codehub/qemu_pv_device/build/meson-private/tmp6u16era2
Command line:  cc -m64 -mcx16 /home/zuherj/codehub/qemu_pv_device/build/meson-private/tmp6u16era2/testfile.c -o /home/zuherj/codehub/qemu_pv_device/build/meson-private/tmp6u16era2/output.exe -D_FILE_OFFSET_BITS=64 -O0 -std=gnu11 

Code:
 #include <sys/uio.h>
#include <limits.h>

        #if defined __stub_preadv || defined __stub___preadv
        fail fail fail this function is not going to work
        #endif
        
int main(void) {
            void *a = (void*) &preadv;
            long long b = (long long) a;
            return (int) b;
        }
Compiler stdout:
 
Compiler stderr:
 
Checking for function "preadv" : YES 
Running compile:
Working directory:  /home/zuherj/codehub/qemu_pv_device/build/meson-private/tmprvd3_ln2
Command line:  cc -m64 -mcx16 /home/zuherj/codehub/qemu_pv_device/build/meson-private/tmprvd3_ln2/testfile.c -o /home/zuherj/codehub/qemu_pv_device/build/meson-private/tmprvd3_ln2/output.exe -pthread -D_FILE_OFFSET_BITS=64 -O0 -std=gnu11 

Code:
 
        #define sem_timedwait meson_disable_define_of_sem_timedwait
        
        #include <limits.h>
        #undef sem_timedwait
        
        #ifdef __cplusplus
        extern "C"
        #endif
        char sem_timedwait (void);
        
        #if defined __stub_sem_timedwait || defined __stub___sem_timedwait
        fail fail fail this function is not going to work
        #endif
        
        int main(void) {
          return sem_timedwait ();
        }
Compiler stdout:
 
Compiler stderr:
 
Checking for function "sem_timedwait" with dependency threads: YES 
Running compile:
Working directory:  /home/zuherj/codehub/qemu_pv_device/build/meson-private/tmp61cdzkmb
Command line:  cc -m64 -mcx16 /home/zuherj/codehub/qemu_pv_device/build/meson-private/tmp61cdzkmb/testfile.c -o /home/zuherj/codehub/qemu_pv_device/build/meson-private/tmp61cdzkmb/output.exe -D_FILE_OFFSET_BITS=64 -O0 -std=gnu11 

Code:
 
        #define sendfile meson_disable_define_of_sendfile
        
        #include <limits.h>
        #undef sendfile
        
        #ifdef __cplusplus
        extern "C"
        #endif
        char sendfile (void);
        
        #if defined __stub_sendfile || defined __stub___sendfile
        fail fail fail this function is not going to work
        #endif
        
        int main(void) {
          return sendfile ();
        }
Compiler stdout:
 
Compiler stderr:
 
Checking for function "sendfile" : YES 
Running compile:
Working directory:  /home/zuherj/codehub/qemu_pv_device/build/meson-private/tmpjx85k5h9
Command line:  cc -m64 -mcx16 /home/zuherj/codehub/qemu_pv_device/build/meson-private/tmpjx85k5h9/testfile.c -o /home/zuherj/codehub/qemu_pv_device/build/meson-private/tmpjx85k5h9/output.exe -D_FILE_OFFSET_BITS=64 -O0 -std=gnu11 

Code:
 
        #define setns meson_disable_define_of_setns
        
        #include <limits.h>
        #undef setns
        
        #ifdef __cplusplus
        extern "C"
        #endif
        char setns (void);
        
        #if defined __stub_setns || defined __stub___setns
        fail fail fail this function is not going to work
        #endif
        
        int main(void) {
          return setns ();
        }
Compiler stdout:
 
Compiler stderr:
 
Checking for function "setns" : YES 
Running compile:
Working directory:  /home/zuherj/codehub/qemu_pv_device/build/meson-private/tmprgg0xvx1
Command line:  cc -m64 -mcx16 /home/zuherj/codehub/qemu_pv_device/build/meson-private/tmprgg0xvx1/testfile.c -o /home/zuherj/codehub/qemu_pv_device/build/meson-private/tmprgg0xvx1/output.exe -D_FILE_OFFSET_BITS=64 -O0 -std=gnu11 

Code:
 
        #define unshare meson_disable_define_of_unshare
        
        #include <limits.h>
        #undef unshare
        
        #ifdef __cplusplus
        extern "C"
        #endif
        char unshare (void);
        
        #if defined __stub_unshare || defined __stub___unshare
        fail fail fail this function is not going to work
        #endif
        
        int main(void) {
          return unshare ();
        }
Compiler stdout:
 
Compiler stderr:
 
Checking for function "unshare" : YES 
Running compile:
Working directory:  /home/zuherj/codehub/qemu_pv_device/build/meson-private/tmp6fr38x55
Command line:  cc -m64 -mcx16 /home/zuherj/codehub/qemu_pv_device/build/meson-private/tmp6fr38x55/testfile.c -o /home/zuherj/codehub/qemu_pv_device/build/meson-private/tmp6fr38x55/output.exe -D_FILE_OFFSET_BITS=64 -O0 -std=gnu11 

Code:
 
        #define syncfs meson_disable_define_of_syncfs
        
        #include <limits.h>
        #undef syncfs
        
        #ifdef __cplusplus
        extern "C"
        #endif
        char syncfs (void);
        
        #if defined __stub_syncfs || defined __stub___syncfs
        fail fail fail this function is not going to work
        #endif
        
        int main(void) {
          return syncfs ();
        }
Compiler stdout:
 
Compiler stderr:
 
Checking for function "syncfs" : YES 
Running compile:
Working directory:  /home/zuherj/codehub/qemu_pv_device/build/meson-private/tmpjxf2wtmf
Command line:  cc -m64 -mcx16 /home/zuherj/codehub/qemu_pv_device/build/meson-private/tmpjxf2wtmf/testfile.c -o /home/zuherj/codehub/qemu_pv_device/build/meson-private/tmpjxf2wtmf/output.exe -D_FILE_OFFSET_BITS=64 -O0 -std=gnu11 

Code:
 
        #define sync_file_range meson_disable_define_of_sync_file_range
        
        #include <limits.h>
        #undef sync_file_range
        
        #ifdef __cplusplus
        extern "C"
        #endif
        char sync_file_range (void);
        
        #if defined __stub_sync_file_range || defined __stub___sync_file_range
        fail fail fail this function is not going to work
        #endif
        
        int main(void) {
          return sync_file_range ();
        }
Compiler stdout:
 
Compiler stderr:
 
Checking for function "sync_file_range" : YES 
Running compile:
Working directory:  /home/zuherj/codehub/qemu_pv_device/build/meson-private/tmp51qa6xr_
Command line:  cc -m64 -mcx16 /home/zuherj/codehub/qemu_pv_device/build/meson-private/tmp51qa6xr_/testfile.c -o /home/zuherj/codehub/qemu_pv_device/build/meson-private/tmp51qa6xr_/output.exe -D_FILE_OFFSET_BITS=64 -O0 -std=gnu11 

Code:
 
        #define timerfd_create meson_disable_define_of_timerfd_create
        
        #include <limits.h>
        #undef timerfd_create
        
        #ifdef __cplusplus
        extern "C"
        #endif
        char timerfd_create (void);
        
        #if defined __stub_timerfd_create || defined __stub___timerfd_create
        fail fail fail this function is not going to work
        #endif
        
        int main(void) {
          return timerfd_create ();
        }
Compiler stdout:
 
Compiler stderr:
 
Checking for function "timerfd_create" : YES 
Running compile:
Working directory:  /home/zuherj/codehub/qemu_pv_device/build/meson-private/tmp5_05wk3l
Command line:  cc -m64 -mcx16 /home/zuherj/codehub/qemu_pv_device/build/meson-private/tmp5_05wk3l/testfile.c -o /home/zuherj/codehub/qemu_pv_device/build/meson-private/tmp5_05wk3l/output.exe -D_FILE_OFFSET_BITS=64 -O0 -std=gnu11 

Code:
 
        #define copy_file_range meson_disable_define_of_copy_file_range
        
        #include <limits.h>
        #undef copy_file_range
        
        #ifdef __cplusplus
        extern "C"
        #endif
        char copy_file_range (void);
        
        #if defined __stub_copy_file_range || defined __stub___copy_file_range
        fail fail fail this function is not going to work
        #endif
        
        int main(void) {
          return copy_file_range ();
        }
Compiler stdout:
 
Compiler stderr:
 
Checking for function "copy_file_range" : YES 
Running compile:
Working directory:  /home/zuherj/codehub/qemu_pv_device/build/meson-private/tmpuxoysbi6
Command line:  cc -m64 -mcx16 /home/zuherj/codehub/qemu_pv_device/build/meson-private/tmpuxoysbi6/testfile.c -o /home/zuherj/codehub/qemu_pv_device/build/meson-private/tmpuxoysbi6/output.exe -D_FILE_OFFSET_BITS=64 -O0 -std=gnu11 -Wl,--start-group -lutil -Wl,--end-group 

Code:
 
        #define openpty meson_disable_define_of_openpty
        
        #include <limits.h>
        #undef openpty
        
        #ifdef __cplusplus
        extern "C"
        #endif
        char openpty (void);
        
        #if defined __stub_openpty || defined __stub___openpty
        fail fail fail this function is not going to work
        #endif
        
        int main(void) {
          return openpty ();
        }
Compiler stdout:
 
Compiler stderr:
 
Checking for function "openpty" with dependency -lutil: YES 
Running compile:
Working directory:  /home/zuherj/codehub/qemu_pv_device/build/meson-private/tmp9u_v8r4_
Command line:  cc -m64 -mcx16 /home/zuherj/codehub/qemu_pv_device/build/meson-private/tmp9u_v8r4_/testfile.c -o /home/zuherj/codehub/qemu_pv_device/build/meson-private/tmp9u_v8r4_/output.exe -D_FILE_OFFSET_BITS=64 -O0 -std=gnu11 

Code:
 
        #define strchrnul meson_disable_define_of_strchrnul
        
        #include <limits.h>
        #undef strchrnul
        
        #ifdef __cplusplus
        extern "C"
        #endif
        char strchrnul (void);
        
        #if defined __stub_strchrnul || defined __stub___strchrnul
        fail fail fail this function is not going to work
        #endif
        
        int main(void) {
          return strchrnul ();
        }
Compiler stdout:
 
Compiler stderr:
 
Checking for function "strchrnul" : YES 
Running compile:
Working directory:  /home/zuherj/codehub/qemu_pv_device/build/meson-private/tmpq5j9kmmw
Command line:  cc -m64 -mcx16 /home/zuherj/codehub/qemu_pv_device/build/meson-private/tmpq5j9kmmw/testfile.c -o /home/zuherj/codehub/qemu_pv_device/build/meson-private/tmpq5j9kmmw/output.exe -D_FILE_OFFSET_BITS=64 -O0 -std=gnu11 

Code:
 #include <stdlib.h>
#include <limits.h>

        #if defined __stub_system || defined __stub___system
        fail fail fail this function is not going to work
        #endif
        
int main(void) {
            void *a = (void*) &system;
            long long b = (long long) a;
            return (int) b;
        }
Compiler stdout:
 
Compiler stderr:
 
Checking for function "system" : YES 
Running compile:
Working directory:  /home/zuherj/codehub/qemu_pv_device/build/meson-private/tmpwsrn2mhq
Command line:  cc -m64 -mcx16 /home/zuherj/codehub/qemu_pv_device/build/meson-private/tmpwsrn2mhq/testfile.c -o /home/zuherj/codehub/qemu_pv_device/build/meson-private/tmpwsrn2mhq/output.obj -c -D_FILE_OFFSET_BITS=64 -O0 -std=gnu11 

Code:
 
        #include <byteswap.h>
        int main(void) {
            /* If it's not defined as a macro, try to use as a symbol */
            #ifndef bswap_32
                bswap_32;
            #endif
            return 0;
        }
Compiler stdout:
 
Compiler stderr:
 
Header <byteswap.h> has symbol "bswap_32" : YES 
Running compile:
Working directory:  /home/zuherj/codehub/qemu_pv_device/build/meson-private/tmpafrjnjva
Command line:  cc -m64 -mcx16 /home/zuherj/codehub/qemu_pv_device/build/meson-private/tmpafrjnjva/testfile.c -o /home/zuherj/codehub/qemu_pv_device/build/meson-private/tmpafrjnjva/output.obj -c -D_FILE_OFFSET_BITS=64 -O0 -std=gnu11 

Code:
 
        #include <sys/epoll.h>
        int main(void) {
            /* If it's not defined as a macro, try to use as a symbol */
            #ifndef epoll_create1
                epoll_create1;
            #endif
            return 0;
        }
Compiler stdout:
 
Compiler stderr:
 
Header <sys/epoll.h> has symbol "epoll_create1" : YES 
Running compile:
Working directory:  /home/zuherj/codehub/qemu_pv_device/build/meson-private/tmpl6koczmb
Command line:  cc -m64 -mcx16 /home/zuherj/codehub/qemu_pv_device/build/meson-private/tmpl6koczmb/testfile.c -o /home/zuherj/codehub/qemu_pv_device/build/meson-private/tmpl6koczmb/output.obj -c -D_FILE_OFFSET_BITS=64 -O0 -std=gnu11 

Code:
 
  #ifndef _GNU_SOURCE
  #define _GNU_SOURCE
  #endif

        #include <unistd.h>
        int main(void) {
            /* If it's not defined as a macro, try to use as a symbol */
            #ifndef environ
                environ;
            #endif
            return 0;
        }
Compiler stdout:
 
Compiler stderr:
 
Header <unistd.h> has symbol "environ" : YES 
Running compile:
Working directory:  /home/zuherj/codehub/qemu_pv_device/build/meson-private/tmp6n9r00n0
Command line:  cc -m64 -mcx16 /home/zuherj/codehub/qemu_pv_device/build/meson-private/tmp6n9r00n0/testfile.c -o /home/zuherj/codehub/qemu_pv_device/build/meson-private/tmp6n9r00n0/output.obj -c -D_FILE_OFFSET_BITS=64 -O0 -std=gnu11 

Code:
 
        #include <linux/falloc.h>
        int main(void) {
            /* If it's not defined as a macro, try to use as a symbol */
            #ifndef FALLOC_FL_PUNCH_HOLE
                FALLOC_FL_PUNCH_HOLE;
            #endif
            return 0;
        }
Compiler stdout:
 
Compiler stderr:
 
Header <linux/falloc.h> has symbol "FALLOC_FL_PUNCH_HOLE" : YES 
Running compile:
Working directory:  /home/zuherj/codehub/qemu_pv_device/build/meson-private/tmp0k4mqx98
Command line:  cc -m64 -mcx16 /home/zuherj/codehub/qemu_pv_device/build/meson-private/tmp0k4mqx98/testfile.c -o /home/zuherj/codehub/qemu_pv_device/build/meson-private/tmp0k4mqx98/output.obj -c -D_FILE_OFFSET_BITS=64 -O0 -std=gnu11 

Code:
 
        #include <linux/falloc.h>
        int main(void) {
            /* If it's not defined as a macro, try to use as a symbol */
            #ifndef FALLOC_FL_KEEP_SIZE
                FALLOC_FL_KEEP_SIZE;
            #endif
            return 0;
        }
Compiler stdout:
 
Compiler stderr:
 
Header <linux/falloc.h> has symbol "FALLOC_FL_KEEP_SIZE" : YES 
Running compile:
Working directory:  /home/zuherj/codehub/qemu_pv_device/build/meson-private/tmpkkptzrfr
Command line:  cc -m64 -mcx16 /home/zuherj/codehub/qemu_pv_device/build/meson-private/tmpkkptzrfr/testfile.c -o /home/zuherj/codehub/qemu_pv_device/build/meson-private/tmpkkptzrfr/output.obj -c -D_FILE_OFFSET_BITS=64 -O0 -std=gnu11 

Code:
 
        #include <linux/falloc.h>
        int main(void) {
            /* If it's not defined as a macro, try to use as a symbol */
            #ifndef FALLOC_FL_ZERO_RANGE
                FALLOC_FL_ZERO_RANGE;
            #endif
            return 0;
        }
Compiler stdout:
 
Compiler stderr:
 
Header <linux/falloc.h> has symbol "FALLOC_FL_ZERO_RANGE" : YES 
Running compile:
Working directory:  /home/zuherj/codehub/qemu_pv_device/build/meson-private/tmpj0ynxdzb
Command line:  cc -m64 -mcx16 /home/zuherj/codehub/qemu_pv_device/build/meson-private/tmpj0ynxdzb/testfile.c -E -P -D_FILE_OFFSET_BITS=64 -P -O0 -std=gnu11 

Code:
 
        #ifdef __has_include
         #if !__has_include("linux/fiemap.h")
          #error "Header 'linux/fiemap.h' could not be found"
         #endif
        #else
         #include <linux/fiemap.h>
        #endif
Compiler stdout:
 
Compiler stderr:
 
Has header "linux/fiemap.h" : YES 
Running compile:
Working directory:  /home/zuherj/codehub/qemu_pv_device/build/meson-private/tmp1mw4k1_d
Command line:  cc -m64 -mcx16 /home/zuherj/codehub/qemu_pv_device/build/meson-private/tmp1mw4k1_d/testfile.c -o /home/zuherj/codehub/qemu_pv_device/build/meson-private/tmp1mw4k1_d/output.obj -c -D_FILE_OFFSET_BITS=64 -O0 -std=gnu11 

Code:
 
        #include <linux/fs.h>
        int main(void) {
            /* If it's not defined as a macro, try to use as a symbol */
            #ifndef FS_IOC_FIEMAP
                FS_IOC_FIEMAP;
            #endif
            return 0;
        }
Compiler stdout:
 
Compiler stderr:
 
Header <linux/fs.h> has symbol "FS_IOC_FIEMAP" : YES 
Running compile:
Working directory:  /home/zuherj/codehub/qemu_pv_device/build/meson-private/tmpopi8cz6l
Command line:  cc -m64 -mcx16 /home/zuherj/codehub/qemu_pv_device/build/meson-private/tmpopi8cz6l/testfile.c -o /home/zuherj/codehub/qemu_pv_device/build/meson-private/tmpopi8cz6l/output.exe -D_FILE_OFFSET_BITS=64 -O0 -std=gnu11 

Code:
 
        #define getrandom meson_disable_define_of_getrandom
        
        #include <limits.h>
        #undef getrandom
        
        #ifdef __cplusplus
        extern "C"
        #endif
        char getrandom (void);
        
        #if defined __stub_getrandom || defined __stub___getrandom
        fail fail fail this function is not going to work
        #endif
        
        int main(void) {
          return getrandom ();
        }
Compiler stdout:
 
Compiler stderr:
 
Checking for function "getrandom" : YES 
Running compile:
Working directory:  /home/zuherj/codehub/qemu_pv_device/build/meson-private/tmpr_0p84lm
Command line:  cc -m64 -mcx16 /home/zuherj/codehub/qemu_pv_device/build/meson-private/tmpr_0p84lm/testfile.c -o /home/zuherj/codehub/qemu_pv_device/build/meson-private/tmpr_0p84lm/output.obj -c -D_FILE_OFFSET_BITS=64 -O0 -std=gnu11 

Code:
 
        #include <sys/random.h>
        int main(void) {
            /* If it's not defined as a macro, try to use as a symbol */
            #ifndef GRND_NONBLOCK
                GRND_NONBLOCK;
            #endif
            return 0;
        }
Compiler stdout:
 
Compiler stderr:
 
Header <sys/random.h> has symbol "GRND_NONBLOCK" : YES 
Running compile:
Working directory:  /home/zuherj/codehub/qemu_pv_device/build/meson-private/tmpzwi7xdaq
Command line:  cc -m64 -mcx16 /home/zuherj/codehub/qemu_pv_device/build/meson-private/tmpzwi7xdaq/testfile.c -o /home/zuherj/codehub/qemu_pv_device/build/meson-private/tmpzwi7xdaq/output.obj -c -D_FILE_OFFSET_BITS=64 -O0 -std=gnu11 

Code:
 
        #include <sys/inotify.h>
        int main(void) {
            /* If it's not defined as a macro, try to use as a symbol */
            #ifndef inotify_init
                inotify_init;
            #endif
            return 0;
        }
Compiler stdout:
 
Compiler stderr:
 
Header <sys/inotify.h> has symbol "inotify_init" : YES 
Running compile:
Working directory:  /home/zuherj/codehub/qemu_pv_device/build/meson-private/tmpaoc2ut14
Command line:  cc -m64 -mcx16 /home/zuherj/codehub/qemu_pv_device/build/meson-private/tmpaoc2ut14/testfile.c -o /home/zuherj/codehub/qemu_pv_device/build/meson-private/tmpaoc2ut14/output.obj -c -D_FILE_OFFSET_BITS=64 -O0 -std=gnu11 

Code:
 
        #include <sys/inotify.h>
        int main(void) {
            /* If it's not defined as a macro, try to use as a symbol */
            #ifndef inotify_init1
                inotify_init1;
            #endif
            return 0;
        }
Compiler stdout:
 
Compiler stderr:
 
Header <sys/inotify.h> has symbol "inotify_init1" : YES 
Running compile:
Working directory:  /home/zuherj/codehub/qemu_pv_device/build/meson-private/tmp4a2zgw24
Command line:  cc -m64 -mcx16 /home/zuherj/codehub/qemu_pv_device/build/meson-private/tmp4a2zgw24/testfile.c -o /home/zuherj/codehub/qemu_pv_device/build/meson-private/tmp4a2zgw24/output.obj -c -D_FILE_OFFSET_BITS=64 -O0 -std=gnu11 

Code:
 #include <sys/endian.h>
                                                     #include <sys/types.h>
        #include <machine/bswap.h>
        int main(void) {
            /* If it's not defined as a macro, try to use as a symbol */
            #ifndef bswap32
                bswap32;
            #endif
            return 0;
        }
Compiler stdout:
 
Compiler stderr:
 /home/zuherj/codehub/qemu_pv_device/build/meson-private/tmp4a2zgw24/testfile.c:1:10: fatal error: sys/endian.h: No such file or directory
    1 | #include <sys/endian.h>
      |          ^~~~~~~~~~~~~~
compilation terminated.

Header <machine/bswap.h> has symbol "bswap32" : NO 
Running compile:
Working directory:  /home/zuherj/codehub/qemu_pv_device/build/meson-private/tmpb9k_ohkw
Command line:  cc -m64 -mcx16 /home/zuherj/codehub/qemu_pv_device/build/meson-private/tmpb9k_ohkw/testfile.c -o /home/zuherj/codehub/qemu_pv_device/build/meson-private/tmpb9k_ohkw/output.obj -c -D_FILE_OFFSET_BITS=64 -O0 -std=gnu11 

Code:
 
        #include <sys/prctl.h>
        int main(void) {
            /* If it's not defined as a macro, try to use as a symbol */
            #ifndef PR_SET_TIMERSLACK
                PR_SET_TIMERSLACK;
            #endif
            return 0;
        }
Compiler stdout:
 
Compiler stderr:
 
Header <sys/prctl.h> has symbol "PR_SET_TIMERSLACK" : YES 
Running compile:
Working directory:  /home/zuherj/codehub/qemu_pv_device/build/meson-private/tmpz85j05v6
Command line:  cc -m64 -mcx16 /home/zuherj/codehub/qemu_pv_device/build/meson-private/tmpz85j05v6/testfile.c -o /home/zuherj/codehub/qemu_pv_device/build/meson-private/tmpz85j05v6/output.obj -c -D_FILE_OFFSET_BITS=64 -O0 -std=gnu11 

Code:
 
        #include <linux/rtnetlink.h>
        int main(void) {
            /* If it's not defined as a macro, try to use as a symbol */
            #ifndef IFLA_PROTO_DOWN
                IFLA_PROTO_DOWN;
            #endif
            return 0;
        }
Compiler stdout:
 
Compiler stderr:
 
Header <linux/rtnetlink.h> has symbol "IFLA_PROTO_DOWN" : YES 
Running compile:
Working directory:  /home/zuherj/codehub/qemu_pv_device/build/meson-private/tmpyk2r7ilk
Command line:  cc -m64 -mcx16 /home/zuherj/codehub/qemu_pv_device/build/meson-private/tmpyk2r7ilk/testfile.c -o /home/zuherj/codehub/qemu_pv_device/build/meson-private/tmpyk2r7ilk/output.obj -c -D_FILE_OFFSET_BITS=64 -O0 -std=gnu11 

Code:
 
        #include <sys/sysmacros.h>
        int main(void) {
            /* If it's not defined as a macro, try to use as a symbol */
            #ifndef makedev
                makedev;
            #endif
            return 0;
        }
Compiler stdout:
 
Compiler stderr:
 
Header <sys/sysmacros.h> has symbol "makedev" : YES 
Running compile:
Working directory:  /home/zuherj/codehub/qemu_pv_device/build/meson-private/tmpytizh42i
Command line:  cc -m64 -mcx16 /home/zuherj/codehub/qemu_pv_device/build/meson-private/tmpytizh42i/testfile.c -o /home/zuherj/codehub/qemu_pv_device/build/meson-private/tmpytizh42i/output.obj -c -D_FILE_OFFSET_BITS=64 -O0 -std=gnu11 

Code:
 
        #include <getopt.h>
        int main(void) {
            /* If it's not defined as a macro, try to use as a symbol */
            #ifndef optreset
                optreset;
            #endif
            return 0;
        }
Compiler stdout:
 
Compiler stderr:
 /home/zuherj/codehub/qemu_pv_device/build/meson-private/tmpytizh42i/testfile.c: In function 'main':
/home/zuherj/codehub/qemu_pv_device/build/meson-private/tmpytizh42i/testfile.c:6:17: error: 'optreset' undeclared (first use in this function)
    6 |                 optreset;
      |                 ^~~~~~~~
/home/zuherj/codehub/qemu_pv_device/build/meson-private/tmpytizh42i/testfile.c:6:17: note: each undeclared identifier is reported only once for each function it appears in

Header <getopt.h> has symbol "optreset" : NO 
Running compile:
Working directory:  /home/zuherj/codehub/qemu_pv_device/build/meson-private/tmpggxfit_v
Command line:  cc -m64 -mcx16 /home/zuherj/codehub/qemu_pv_device/build/meson-private/tmpggxfit_v/testfile.c -o /home/zuherj/codehub/qemu_pv_device/build/meson-private/tmpggxfit_v/output.obj -c -D_FILE_OFFSET_BITS=64 -O0 -std=gnu11 

Code:
 
        #include <netinet/in.h>
        int main(void) {
            /* If it's not defined as a macro, try to use as a symbol */
            #ifndef IPPROTO_MPTCP
                IPPROTO_MPTCP;
            #endif
            return 0;
        }
Compiler stdout:
 
Compiler stderr:
 
Header <netinet/in.h> has symbol "IPPROTO_MPTCP" : YES 
Running compile:
Working directory:  /home/zuherj/codehub/qemu_pv_device/build/meson-private/tmp4tszyj2g
Command line:  cc -m64 -mcx16 /home/zuherj/codehub/qemu_pv_device/build/meson-private/tmp4tszyj2g/testfile.c -o /home/zuherj/codehub/qemu_pv_device/build/meson-private/tmp4tszyj2g/output.obj -c -D_FILE_OFFSET_BITS=64 -O0 -std=gnu11 

Code:
 #include <signal.h>
        void bar(void) {
            struct sigevent foo;
            foo.sigev_notify_thread_id;

        }
Compiler stdout:
 
Compiler stderr:
 /home/zuherj/codehub/qemu_pv_device/build/meson-private/tmp4tszyj2g/testfile.c: In function 'bar':
/home/zuherj/codehub/qemu_pv_device/build/meson-private/tmp4tszyj2g/testfile.c:4:16: error: 'struct sigevent' has no member named 'sigev_notify_thread_id'
    4 |             foo.sigev_notify_thread_id;
      |                ^

Checking whether type "struct sigevent" has member "sigev_notify_thread_id" : NO 
Running compile:
Working directory:  /home/zuherj/codehub/qemu_pv_device/build/meson-private/tmpn13_lrqk
Command line:  cc -m64 -mcx16 /home/zuherj/codehub/qemu_pv_device/build/meson-private/tmpn13_lrqk/testfile.c -o /home/zuherj/codehub/qemu_pv_device/build/meson-private/tmpn13_lrqk/output.obj -c -D_FILE_OFFSET_BITS=64 -O0 -std=gnu11 

Code:
 #include <sys/stat.h>
        void bar(void) {
            struct stat foo;
            foo.st_atim;

        }
Compiler stdout:
 
Compiler stderr:
 
Checking whether type "struct stat" has member "st_atim" : YES 
Running compile:
Working directory:  /home/zuherj/codehub/qemu_pv_device/build/meson-private/tmpowmf070n
Command line:  cc -m64 -mcx16 /home/zuherj/codehub/qemu_pv_device/build/meson-private/tmpowmf070n/testfile.c -o /home/zuherj/codehub/qemu_pv_device/build/meson-private/tmpowmf070n/output.obj -c -D_FILE_OFFSET_BITS=64 -O0 -std=gnu11 

Code:
 #include <sys/uio.h>
        void bar(void) {
            sizeof(struct iovec);
        }
Compiler stdout:
 
Compiler stderr:
 
Checking for type "struct iovec" : YES 
Running compile:
Working directory:  /home/zuherj/codehub/qemu_pv_device/build/meson-private/tmpnxz42fpw
Command line:  cc -m64 -mcx16 /home/zuherj/codehub/qemu_pv_device/build/meson-private/tmpnxz42fpw/testfile.c -o /home/zuherj/codehub/qemu_pv_device/build/meson-private/tmpnxz42fpw/output.obj -c -D_FILE_OFFSET_BITS=64 -O0 -std=gnu11 

Code:
 #include <utmpx.h>
        void bar(void) {
            sizeof(struct utmpx);
        }
Compiler stdout:
 
Compiler stderr:
 
Checking for type "struct utmpx" : YES 
Running compile:
Working directory:  /home/zuherj/codehub/qemu_pv_device/build/meson-private/tmpo8ztc1pn
Command line:  cc -m64 -mcx16 /home/zuherj/codehub/qemu_pv_device/build/meson-private/tmpo8ztc1pn/testfile.c -o /home/zuherj/codehub/qemu_pv_device/build/meson-private/tmpo8ztc1pn/output.exe -D_FILE_OFFSET_BITS=64 -O0 -std=gnu11 

Code:
 
  #include <sys/eventfd.h>
  int main(void) { return eventfd(0, EFD_NONBLOCK | EFD_CLOEXEC); }
Compiler stdout:
 
Compiler stderr:
 
Running compile:
Working directory:  /home/zuherj/codehub/qemu_pv_device/build/meson-private/tmp035deh7n
Command line:  cc -m64 -mcx16 /home/zuherj/codehub/qemu_pv_device/build/meson-private/tmp035deh7n/testfile.c -o /home/zuherj/codehub/qemu_pv_device/build/meson-private/tmp035deh7n/output.exe -D_FILE_OFFSET_BITS=64 -O0 -std=gnu11 

Code:
 
  #ifndef _GNU_SOURCE
  #define _GNU_SOURCE
  #endif

  #include <unistd.h>
  int main(void) {
  #if defined(_POSIX_SYNCHRONIZED_IO) && _POSIX_SYNCHRONIZED_IO > 0
  return fdatasync(0);
  #else
  #error Not supported
  #endif
  }
Compiler stdout:
 
Compiler stderr:
 
Running compile:
Working directory:  /home/zuherj/codehub/qemu_pv_device/build/meson-private/tmp7hu7f9vq
Command line:  cc -m64 -mcx16 /home/zuherj/codehub/qemu_pv_device/build/meson-private/tmp7hu7f9vq/testfile.c -o /home/zuherj/codehub/qemu_pv_device/build/meson-private/tmp7hu7f9vq/output.exe -D_FILE_OFFSET_BITS=64 -O0 -std=gnu11 

Code:
 
  #ifndef _GNU_SOURCE
  #define _GNU_SOURCE
  #endif

  #include <sys/types.h>
  #include <sys/mman.h>
  #include <stddef.h>
  int main(void) { return madvise(NULL, 0, MADV_DONTNEED); }
Compiler stdout:
 
Compiler stderr:
 
Running compile:
Working directory:  /home/zuherj/codehub/qemu_pv_device/build/meson-private/tmpo6u0vpj3
Command line:  cc -m64 -mcx16 /home/zuherj/codehub/qemu_pv_device/build/meson-private/tmpo6u0vpj3/testfile.c -o /home/zuherj/codehub/qemu_pv_device/build/meson-private/tmpo6u0vpj3/output.exe -D_FILE_OFFSET_BITS=64 -O0 -std=gnu11 

Code:
 
  #ifndef _GNU_SOURCE
  #define _GNU_SOURCE
  #endif

  #include <sys/mman.h>
  int main(void) { return memfd_create("foo", MFD_ALLOW_SEALING); }
Compiler stdout:
 
Compiler stderr:
 
Running compile:
Working directory:  /home/zuherj/codehub/qemu_pv_device/build/meson-private/tmppjkszvtd
Command line:  cc -m64 -mcx16 /home/zuherj/codehub/qemu_pv_device/build/meson-private/tmppjkszvtd/testfile.c -o /home/zuherj/codehub/qemu_pv_device/build/meson-private/tmppjkszvtd/output.exe -D_FILE_OFFSET_BITS=64 -O0 -std=gnu11 

Code:
 
  #ifndef _GNU_SOURCE
  #define _GNU_SOURCE
  #endif

  #include <fcntl.h>
  #if !defined(AT_EMPTY_PATH)
  # error missing definition
  #else
  int main(void) { struct file_handle fh; return open_by_handle_at(0, &fh, 0); }
  #endif
Compiler stdout:
 
Compiler stderr:
 
Running compile:
Working directory:  /home/zuherj/codehub/qemu_pv_device/build/meson-private/tmp015icss2
Command line:  cc -m64 -mcx16 /home/zuherj/codehub/qemu_pv_device/build/meson-private/tmp015icss2/testfile.c -o /home/zuherj/codehub/qemu_pv_device/build/meson-private/tmp015icss2/output.exe -D_FILE_OFFSET_BITS=64 -O0 -std=gnu11 

Code:
 
  #ifndef _GNU_SOURCE
  #define _GNU_SOURCE
  #endif

  #include <unistd.h>
  #include <fcntl.h>

  int main(void)
  {
      int pipefd[2];
      return pipe2(pipefd, O_CLOEXEC);
  }
Compiler stdout:
 
Compiler stderr:
 
Running compile:
Working directory:  /home/zuherj/codehub/qemu_pv_device/build/meson-private/tmp2s8age4u
Command line:  cc -m64 -mcx16 /home/zuherj/codehub/qemu_pv_device/build/meson-private/tmp2s8age4u/testfile.c -o /home/zuherj/codehub/qemu_pv_device/build/meson-private/tmp2s8age4u/output.exe -D_FILE_OFFSET_BITS=64 -O0 -std=gnu11 

Code:
 
  #ifndef _GNU_SOURCE
  #define _GNU_SOURCE
  #endif

  #include <sys/mman.h>
  #include <stddef.h>
  int main(void) { return posix_madvise(NULL, 0, POSIX_MADV_DONTNEED); }
Compiler stdout:
 
Compiler stderr:
 
Running compile:
Working directory:  /home/zuherj/codehub/qemu_pv_device/build/meson-private/tmprx0ikde4
Command line:  cc -m64 -mcx16 /home/zuherj/codehub/qemu_pv_device/build/meson-private/tmprx0ikde4/testfile.c -o /home/zuherj/codehub/qemu_pv_device/build/meson-private/tmprx0ikde4/output.exe -pthread -D_FILE_OFFSET_BITS=64 -O0 -std=gnu11 

Code:
 
  #ifndef _GNU_SOURCE
  #define _GNU_SOURCE
  #endif

  #include <pthread.h>

  static void *f(void *p) { return NULL; }
  int main(void)
  {
    pthread_t thread;
    pthread_create(&thread, 0, f, 0);
    pthread_setname_np(thread, "QEMU");
    return 0;
  }
Compiler stdout:
 
Compiler stderr:
 
Running compile:
Working directory:  /home/zuherj/codehub/qemu_pv_device/build/meson-private/tmpd08kyqc3
Command line:  cc -m64 -mcx16 /home/zuherj/codehub/qemu_pv_device/build/meson-private/tmpd08kyqc3/testfile.c -o /home/zuherj/codehub/qemu_pv_device/build/meson-private/tmpd08kyqc3/output.exe -pthread -D_FILE_OFFSET_BITS=64 -O0 -std=gnu11 

Code:
 
  #ifndef _GNU_SOURCE
  #define _GNU_SOURCE
  #endif

  #include <pthread.h>

  static void *f(void *p) { pthread_setname_np("QEMU"); return NULL; }
  int main(void)
  {
    pthread_t thread;
    pthread_create(&thread, 0, f, 0);
    return 0;
  }
Compiler stdout:
 
Compiler stderr:
 /home/zuherj/codehub/qemu_pv_device/build/meson-private/tmpd08kyqc3/testfile.c: In function 'f':
/home/zuherj/codehub/qemu_pv_device/build/meson-private/tmpd08kyqc3/testfile.c:8:48: warning: passing argument 1 of 'pthread_setname_np' makes integer from pointer without a cast [-Wint-conversion]
    8 |   static void *f(void *p) { pthread_setname_np("QEMU"); return NULL; }
      |                                                ^~~~~~
      |                                                |
      |                                                char *
In file included from /home/zuherj/codehub/qemu_pv_device/build/meson-private/tmpd08kyqc3/testfile.c:6:
/usr/include/pthread.h:463:42: note: expected 'pthread_t' {aka 'long unsigned int'} but argument is of type 'char *'
  463 | extern int pthread_setname_np (pthread_t __target_thread, const char *__name)
      |                                ~~~~~~~~~~^~~~~~~~~~~~~~~
/home/zuherj/codehub/qemu_pv_device/build/meson-private/tmpd08kyqc3/testfile.c:8:29: error: too few arguments to function 'pthread_setname_np'
    8 |   static void *f(void *p) { pthread_setname_np("QEMU"); return NULL; }
      |                             ^~~~~~~~~~~~~~~~~~
In file included from /home/zuherj/codehub/qemu_pv_device/build/meson-private/tmpd08kyqc3/testfile.c:6:
/usr/include/pthread.h:463:12: note: declared here
  463 | extern int pthread_setname_np (pthread_t __target_thread, const char *__name)
      |            ^~~~~~~~~~~~~~~~~~

Running compile:
Working directory:  /home/zuherj/codehub/qemu_pv_device/build/meson-private/tmp0roe124g
Command line:  cc -m64 -mcx16 /home/zuherj/codehub/qemu_pv_device/build/meson-private/tmp0roe124g/testfile.c -o /home/zuherj/codehub/qemu_pv_device/build/meson-private/tmp0roe124g/output.exe -D_FILE_OFFSET_BITS=64 -O0 -std=gnu11 

Code:
 
  #ifndef _GNU_SOURCE
  #define _GNU_SOURCE
  #endif

  #include <sys/signalfd.h>
  #include <stddef.h>
  int main(void) { return signalfd(-1, NULL, SFD_CLOEXEC); }
Compiler stdout:
 
Compiler stderr:
 /home/zuherj/codehub/qemu_pv_device/build/meson-private/tmp0roe124g/testfile.c: In function 'main':
/home/zuherj/codehub/qemu_pv_device/build/meson-private/tmp0roe124g/testfile.c:8:27: warning: argument 2 null where non-null expected [-Wnonnull]
    8 |   int main(void) { return signalfd(-1, NULL, SFD_CLOEXEC); }
      |                           ^~~~~~~~
In file included from /home/zuherj/codehub/qemu_pv_device/build/meson-private/tmp0roe124g/testfile.c:6:
/usr/include/x86_64-linux-gnu/sys/signalfd.h:57:12: note: in a call to function 'signalfd' declared 'nonnull'
   57 | extern int signalfd (int __fd, const sigset_t *__mask, int __flags)
      |            ^~~~~~~~

Running compile:
Working directory:  /home/zuherj/codehub/qemu_pv_device/build/meson-private/tmp4tjsqmf6
Command line:  cc -m64 -mcx16 /home/zuherj/codehub/qemu_pv_device/build/meson-private/tmp4tjsqmf6/testfile.c -o /home/zuherj/codehub/qemu_pv_device/build/meson-private/tmp4tjsqmf6/output.exe -D_FILE_OFFSET_BITS=64 -O0 -std=gnu11 

Code:
 
  #ifndef _GNU_SOURCE
  #define _GNU_SOURCE
  #endif

  #include <unistd.h>
  #include <fcntl.h>
  #include <limits.h>

  int main(void)
  {
    int len, fd = 0;
    len = tee(STDIN_FILENO, STDOUT_FILENO, INT_MAX, SPLICE_F_NONBLOCK);
    splice(STDIN_FILENO, NULL, fd, NULL, len, SPLICE_F_MOVE);
    return 0;
  }
Compiler stdout:
 
Compiler stderr:
 
Running compile:
Working directory:  /home/zuherj/codehub/qemu_pv_device/build/meson-private/tmpnq8y00z2
Command line:  cc -m64 -mcx16 /home/zuherj/codehub/qemu_pv_device/build/meson-private/tmpnq8y00z2/testfile.c -o /home/zuherj/codehub/qemu_pv_device/build/meson-private/tmpnq8y00z2/output.exe -D_FILE_OFFSET_BITS=64 -O0 -std=gnu11 

Code:
 
  #ifndef _GNU_SOURCE
  #define _GNU_SOURCE
  #endif

  #include <sys/mman.h>
  int main(int argc, char *argv[]) {
    return mlockall(MCL_FUTURE);
  }
Compiler stdout:
 
Compiler stderr:
 
Running compile:
Working directory:  /home/zuherj/codehub/qemu_pv_device/build/meson-private/tmp8j1fsgfz
Command line:  cc -m64 -mcx16 /home/zuherj/codehub/qemu_pv_device/build/meson-private/tmp8j1fsgfz/testfile.c -o /home/zuherj/codehub/qemu_pv_device/build/meson-private/tmp8j1fsgfz/output.obj -c -D_FILE_OFFSET_BITS=64 -O0 -std=gnu11 

Code:
 
  #ifndef _GNU_SOURCE
  #define _GNU_SOURCE
  #endif

      #include <sys/socket.h>
      #include <linux/ip.h>
        void bar(void) {
            sizeof(struct mmsghdr);
        }
Compiler stdout:
 
Compiler stderr:
 
Checking for type "struct mmsghdr" : YES 
Running compile:
Working directory:  /home/zuherj/codehub/qemu_pv_device/build/meson-private/tmpq4vy5k8u
Command line:  cc -m64 -mcx16 /home/zuherj/codehub/qemu_pv_device/build/meson-private/tmpq4vy5k8u/testfile.c -o /home/zuherj/codehub/qemu_pv_device/build/meson-private/tmpq4vy5k8u/output.obj -c -D_FILE_OFFSET_BITS=64 -O0 -std=gnu11 

Code:
 
    #include <inttypes.h>
    #include <net/if.h>
    #include <net/netmap.h>
    #include <net/netmap_user.h>
    #if (NETMAP_API < 11) || (NETMAP_API > 15)
    #error
    #endif
    int main(void) { return 0; }
Compiler stdout:
 
Compiler stderr:
 /home/zuherj/codehub/qemu_pv_device/build/meson-private/tmpq4vy5k8u/testfile.c:4:14: fatal error: net/netmap.h: No such file or directory
    4 |     #include <net/netmap.h>
      |              ^~~~~~~~~~~~~~
compilation terminated.

Running compile:
Working directory:  /home/zuherj/codehub/qemu_pv_device/build/meson-private/tmpbp8jbnmm
Command line:  cc -m64 -mcx16 /home/zuherj/codehub/qemu_pv_device/build/meson-private/tmpbp8jbnmm/testfile.c -o /home/zuherj/codehub/qemu_pv_device/build/meson-private/tmpbp8jbnmm/output.exe -D_FILE_OFFSET_BITS=64 -O0 -std=gnu11 

Code:
 
  #include <linux/fs.h>
  struct fsxattr foo;
  int main(void) {
    return 0;
  }
Compiler stdout:
 
Compiler stderr:
 
Running compile:
Working directory:  /home/zuherj/codehub/qemu_pv_device/build/meson-private/tmp1klwyrtp
Command line:  cc -m64 -mcx16 /home/zuherj/codehub/qemu_pv_device/build/meson-private/tmp1klwyrtp/testfile.c -o /home/zuherj/codehub/qemu_pv_device/build/meson-private/tmp1klwyrtp/output.obj -c -D_FILE_OFFSET_BITS=64 -O0 -std=gnu11 -Werror 

Code:
 
    #include <stdint.h>
    #include <stdio.h>
    int main(int argc, char *argv[]) {
        return printf("%zu", SIZE_MAX);
    }
Compiler stdout:
 
Compiler stderr:
 
Running compile:
Working directory:  /home/zuherj/codehub/qemu_pv_device/build/meson-private/tmppa4w2f6o
Command line:  cc -m64 -mcx16 /home/zuherj/codehub/qemu_pv_device/build/meson-private/tmppa4w2f6o/testfile.c -o /home/zuherj/codehub/qemu_pv_device/build/meson-private/tmppa4w2f6o/output.exe -D_FILE_OFFSET_BITS=64 -O0 -std=gnu11 

Code:
 
  #include <stdint.h>
  int main(void)
  {
    uint64_t x = 0, y = 0;
    y = __atomic_load_n(&x, __ATOMIC_RELAXED);
    __atomic_store_n(&x, y, __ATOMIC_RELAXED);
    __atomic_compare_exchange_n(&x, &y, x, 0, __ATOMIC_RELAXED, __ATOMIC_RELAXED);
    __atomic_exchange_n(&x, y, __ATOMIC_RELAXED);
    __atomic_fetch_add(&x, y, __ATOMIC_RELAXED);
    return 0;
  }
Compiler stdout:
 
Compiler stderr:
 
Running compile:
Working directory:  /home/zuherj/codehub/qemu_pv_device/build/meson-private/tmph1ka794_
Command line:  cc -m64 -mcx16 /home/zuherj/codehub/qemu_pv_device/build/meson-private/tmph1ka794_/testfile.c -o /home/zuherj/codehub/qemu_pv_device/build/meson-private/tmph1ka794_/output.exe -D_FILE_OFFSET_BITS=64 -O0 -std=gnu11 

Code:
 
  #ifndef _GNU_SOURCE
  #define _GNU_SOURCE
  #endif

  #include <sys/auxv.h>
  int main(void) {
    return getauxval(AT_HWCAP) == 0;
  }
Compiler stdout:
 
Compiler stderr:
 
Running compile:
Working directory:  /home/zuherj/codehub/qemu_pv_device/build/meson-private/tmp014cbeq1
Command line:  cc -m64 -mcx16 /home/zuherj/codehub/qemu_pv_device/build/meson-private/tmp014cbeq1/testfile.c -o /home/zuherj/codehub/qemu_pv_device/build/meson-private/tmp014cbeq1/output.obj -c -D_FILE_OFFSET_BITS=64 -O0 -std=gnu11 

Code:
 
  #ifndef _GNU_SOURCE
  #define _GNU_SOURCE
  #endif

  #include <errno.h>
  #include <sys/types.h>
  #include <sys/socket.h>
  #if !defined(AF_VSOCK)
  # error missing AF_VSOCK flag
  #endif
  #include <linux/vm_sockets.h>
  int main(void) {
    int sock, ret;
    struct sockaddr_vm svm;
    socklen_t len = sizeof(svm);
    sock = socket(AF_VSOCK, SOCK_STREAM, 0);
    ret = getpeername(sock, (struct sockaddr *)&svm, &len);
    if ((ret == -1) && (errno == ENOTCONN)) {
        return 0;
    }
    return -1;
  }
Compiler stdout:
 
Compiler stderr:
 
Program scripts/minikconf.py found: YES (/usr/bin/python3 /home/zuherj/codehub/qemu_pv_device/scripts/minikconf.py)
Configuring x86_64-softmmu-config-target.h using configuration
Configuring x86_64-softmmu-config-devices.mak with command
Running command: /usr/bin/python3 /home/zuherj/codehub/qemu_pv_device/scripts/minikconf.py --defconfig x86_64-softmmu-config-devices.mak /home/zuherj/codehub/qemu_pv_device/build/meson-private/x86_64-softmmu-config-devices.mak.d /home/zuherj/codehub/qemu_pv_device/configs/devices/x86_64-softmmu/default.mak /home/zuherj/codehub/qemu_pv_device/Kconfig CONFIG_TPM=y CONFIG_IVSHMEM=y CONFIG_ZCDEV=y CONFIG_VHOST_USER=y CONFIG_VHOST_VDPA=y CONFIG_VHOST_KERNEL=y CONFIG_VIRTFS=y CONFIG_LINUX=y CONFIG_MULTIPROCESS_ALLOWED=y CONFIG_KVM=y CONFIG_TCG=y CONFIG_X86_64=y
--- stdout ---
CONFIG_AC97=y
CONFIG_ACPI=y
CONFIG_ACPI_CPU_HOTPLUG=y
CONFIG_ACPI_HMAT=y
CONFIG_ACPI_HW_REDUCED=y
CONFIG_ACPI_MEMORY_HOTPLUG=y
CONFIG_ACPI_NVDIMM=y
CONFIG_ACPI_PCI=y
CONFIG_ACPI_PCIHP=y
CONFIG_ACPI_PIIX4=y
CONFIG_ACPI_SMBUS=y
CONFIG_ACPI_VIOT=y
CONFIG_ACPI_VMGENID=y
CONFIG_ACPI_X86=y
CONFIG_ACPI_X86_ICH=y
CONFIG_ADLIB=y
CONFIG_AHCI=y
CONFIG_AHCI_ICH9=y
CONFIG_AMD_IOMMU=y
CONFIG_APIC=y
CONFIG_APM=y
CONFIG_APPLESMC=y
CONFIG_ATI_VGA=y
CONFIG_BITBANG_I2C=y
CONFIG_BOCHS_DISPLAY=y
CONFIG_CAN_BUS=y
CONFIG_CAN_CTUCANFD=y
CONFIG_CAN_CTUCANFD_PCI=y
CONFIG_CAN_PCI=y
CONFIG_CAN_SJA1000=y
CONFIG_CS4231A=y
CONFIG_DDC=y
CONFIG_DIMM=y
CONFIG_E1000E_PCI_EXPRESS=y
CONFIG_E1000_PCI=y
CONFIG_EDID=y
CONFIG_EDU=y
CONFIG_EEPRO100_PCI=y
CONFIG_ES1370=y
CONFIG_ESP=y
CONFIG_ESP_PCI=y
CONFIG_FDC=y
CONFIG_FDC_ISA=y
CONFIG_FSDEV_9P=y
CONFIG_FW_CFG_DMA=y
CONFIG_GENERIC_LOADER=y
CONFIG_GUEST_LOADER=y
CONFIG_GUS=y
CONFIG_HDA=y
CONFIG_HPET=y
CONFIG_HUAWEI_ZCDEV=y
CONFIG_HYPERV=y
CONFIG_HYPERV_TESTDEV=y
CONFIG_I2C=y
CONFIG_I440FX=y
CONFIG_I8254=y
CONFIG_I8257=y
CONFIG_I8259=y
CONFIG_I82801B11=y
CONFIG_IDE_CORE=y
CONFIG_IDE_ISA=y
CONFIG_IDE_PCI=y
CONFIG_IDE_PIIX=y
CONFIG_IDE_QDEV=y
CONFIG_IMX_USBPHY=y
CONFIG_IOAPIC=y
CONFIG_IOH3420=y
CONFIG_IPACK=y
CONFIG_IPMI=y
CONFIG_IPMI_EXTERN=y
CONFIG_IPMI_LOCAL=y
CONFIG_IPMI_SSIF=y
CONFIG_ISAPC=y
CONFIG_ISA_BUS=y
CONFIG_ISA_DEBUG=y
CONFIG_ISA_IPMI_BT=y
CONFIG_ISA_IPMI_KCS=y
CONFIG_ISA_TESTDEV=y
CONFIG_IVSHMEM_DEVICE=y
CONFIG_LPC_ICH9=y
CONFIG_LSI_SCSI_PCI=y
CONFIG_MC146818RTC=y
CONFIG_MEGASAS_SCSI_PCI=y
CONFIG_MEM_DEVICE=y
CONFIG_MICROVM=y
CONFIG_MPTSAS_SCSI_PCI=y
CONFIG_MSI_NONBROKEN=y
CONFIG_MULTIPROCESS=y
CONFIG_NE2000_COMMON=y
CONFIG_NE2000_ISA=y
CONFIG_NE2000_PCI=y
CONFIG_NMC93XX_EEPROM=y
CONFIG_NVDIMM=y
CONFIG_NVME_PCI=y
CONFIG_PAM=y
CONFIG_PARALLEL=y
CONFIG_PC=y
CONFIG_PCI=y
CONFIG_PCIE_PORT=y
CONFIG_PCI_DEVICES=y
CONFIG_PCI_EXPRESS=y
CONFIG_PCI_EXPRESS_GENERIC_BRIDGE=y
CONFIG_PCI_EXPRESS_Q35=y
CONFIG_PCI_I440FX=y
CONFIG_PCI_IPMI_BT=y
CONFIG_PCI_IPMI_KCS=y
CONFIG_PCI_TESTDEV=y
CONFIG_PCKBD=y
CONFIG_PCNET_COMMON=y
CONFIG_PCNET_PCI=y
CONFIG_PCSPK=y
CONFIG_PC_ACPI=y
CONFIG_PC_PCI=y
CONFIG_PFLASH_CFI01=y
CONFIG_PIIX3=y
CONFIG_PS2=y
CONFIG_PVPANIC_COMMON=y
CONFIG_PVPANIC_ISA=y
CONFIG_PVPANIC_PCI=y
CONFIG_PXB=y
CONFIG_Q35=y
CONFIG_REMOTE_PCIHOST=y
CONFIG_ROCKER=y
CONFIG_RTL8139_PCI=y
CONFIG_SB16=y
CONFIG_SCSI=y
CONFIG_SD=y
CONFIG_SDHCI=y
CONFIG_SDHCI_PCI=y
CONFIG_SERIAL=y
CONFIG_SERIAL_ISA=y
CONFIG_SERIAL_PCI=y
CONFIG_SERIAL_PCI_MULTI=y
CONFIG_SEV=y
CONFIG_SGA=y
CONFIG_SGX=y
CONFIG_SMBIOS=y
CONFIG_SMBUS=y
CONFIG_SMBUS_EEPROM=y
CONFIG_TEST_DEVICES=y
CONFIG_TPM_BACKEND=y
CONFIG_TPM_CRB=y
CONFIG_TPM_EMULATOR=y
CONFIG_TPM_PASSTHROUGH=y
CONFIG_TPM_TIS=y
CONFIG_TPM_TIS_ISA=y
CONFIG_TULIP=y
CONFIG_USB=y
CONFIG_USB_AUDIO=y
CONFIG_USB_EHCI=y
CONFIG_USB_EHCI_PCI=y
CONFIG_USB_NETWORK=y
CONFIG_USB_OHCI=y
CONFIG_USB_OHCI_PCI=y
CONFIG_USB_SERIAL=y
CONFIG_USB_SMARTCARD=y
CONFIG_USB_STORAGE_BOT=y
CONFIG_USB_STORAGE_CLASSIC=y
CONFIG_USB_STORAGE_CORE=y
CONFIG_USB_STORAGE_MTP=y
CONFIG_USB_STORAGE_UAS=y
CONFIG_USB_TABLET_WACOM=y
CONFIG_USB_U2F=y
CONFIG_USB_UHCI=y
CONFIG_USB_XHCI=y
CONFIG_USB_XHCI_NEC=y
CONFIG_USB_XHCI_PCI=y
CONFIG_USB_XHCI_SYSBUS=y
CONFIG_VFIO=y
CONFIG_VFIO_IGD=y
CONFIG_VFIO_PCI=y
CONFIG_VGA=y
CONFIG_VGA_CIRRUS=y
CONFIG_VGA_ISA=y
CONFIG_VGA_PCI=y
CONFIG_VHOST=y
CONFIG_VHOST_USER_BLK=y
CONFIG_VHOST_USER_GPU=y
CONFIG_VHOST_USER_I2C=y
CONFIG_VHOST_USER_INPUT=y
CONFIG_VHOST_USER_RNG=y
CONFIG_VHOST_USER_SCSI=y
CONFIG_VHOST_USER_VGA=y
CONFIG_VIRTIO=y
CONFIG_VIRTIO_9P=y
CONFIG_VIRTIO_BALLOON=y
CONFIG_VIRTIO_BLK=y
CONFIG_VIRTIO_CRYPTO=y
CONFIG_VIRTIO_GPU=y
CONFIG_VIRTIO_INPUT=y
CONFIG_VIRTIO_INPUT_HOST=y
CONFIG_VIRTIO_IOMMU=y
CONFIG_VIRTIO_MEM=y
CONFIG_VIRTIO_MEM_SUPPORTED=y
CONFIG_VIRTIO_MMIO=y
CONFIG_VIRTIO_NET=y
CONFIG_VIRTIO_PCI=y
CONFIG_VIRTIO_PMEM=y
CONFIG_VIRTIO_PMEM_SUPPORTED=y
CONFIG_VIRTIO_RNG=y
CONFIG_VIRTIO_SCSI=y
CONFIG_VIRTIO_SERIAL=y
CONFIG_VIRTIO_VGA=y
CONFIG_VMBUS=y
CONFIG_VMMOUSE=y
CONFIG_VMPORT=y
CONFIG_VMWARE_VGA=y
CONFIG_VMW_PVSCSI_SCSI_PCI=y
CONFIG_VMXNET3_PCI=y
CONFIG_VTD=y
CONFIG_WDT_IB6300ESB=y
CONFIG_WDT_IB700=y
CONFIG_X86_FW_OVMF=y
CONFIG_X86_IOMMU=y
CONFIG_XIO3130=y

--- stderr ---


Reading depfile: /home/zuherj/codehub/qemu_pv_device/build/meson-private/x86_64-softmmu-config-devices.mak.d
Configuring x86_64-softmmu-config-devices.h using configuration
Pkg-config binary for 1 is cached.
Determining dependency 'capstone' with pkg-config executable '/usr/bin/pkg-config'
env[PKG_CONFIG_PATH]: 
Called `/usr/bin/pkg-config --modversion capstone` -> 1

Run-time dependency capstone found: NO (tried pkgconfig)
Configuring capstone-defs.h using configuration
Pkg-config binary for 1 is cached.
Determining dependency 'slirp' with pkg-config executable '/usr/bin/pkg-config'
env[PKG_CONFIG_PATH]: 
Called `/usr/bin/pkg-config --modversion slirp` -> 0
4.6.1
env[PKG_CONFIG_PATH]: 
Called `/usr/bin/pkg-config --cflags slirp` -> 0
-I/usr/include/slirp -I/usr/include/glib-2.0 -I/usr/lib/x86_64-linux-gnu/glib-2.0/include
env[PKG_CONFIG_ALLOW_SYSTEM_LIBS]: 1
env[PKG_CONFIG_PATH]: 
Called `/usr/bin/pkg-config --libs slirp` -> 0
-L/usr/lib/x86_64-linux-gnu -lslirp -lglib-2.0
env[PKG_CONFIG_PATH]: 
Called `/usr/bin/pkg-config --libs slirp` -> 0
-lslirp -lglib-2.0
Run-time dependency slirp found: YES 4.6.1
Running compile:
Working directory:  /home/zuherj/codehub/qemu_pv_device/build/meson-private/tmpi3ycl5if
Command line:  cc -m64 -mcx16 /home/zuherj/codehub/qemu_pv_device/build/meson-private/tmpi3ycl5if/testfile.c -o /home/zuherj/codehub/qemu_pv_device/build/meson-private/tmpi3ycl5if/output.exe -D_FILE_OFFSET_BITS=64 -O0 -Wl,--start-group -lfdt -Wl,--end-group -Wl,--allow-shlib-undefined 

Code:
 int main(void) { return 0; }

Compiler stdout:
 
Compiler stderr:
 
Library fdt found: YES
Running compile:
Working directory:  /home/zuherj/codehub/qemu_pv_device/build/meson-private/tmphuj6gh8t
Command line:  cc -m64 -mcx16 /home/zuherj/codehub/qemu_pv_device/build/meson-private/tmphuj6gh8t/testfile.c -o /home/zuherj/codehub/qemu_pv_device/build/meson-private/tmphuj6gh8t/output.exe -D_FILE_OFFSET_BITS=64 -O0 -std=gnu11 -Wl,--start-group -lfdt -Wl,--end-group 

Code:
 
       #include <libfdt.h>
       #include <libfdt_env.h>
       int main(void) { fdt_check_full(NULL, 0); return 0; }
Compiler stdout:
 
Compiler stderr:
 
Configuring config-host.h using configuration
Program scripts/hxtool found: YES (/home/zuherj/codehub/qemu_pv_device/scripts/hxtool)
Program scripts/shaderinclude.pl found: YES (/usr/bin/env perl /home/zuherj/codehub/qemu_pv_device/scripts/shaderinclude.pl)
Program scripts/qapi-gen.py found: YES (/usr/bin/python3 /home/zuherj/codehub/qemu_pv_device/scripts/qapi-gen.py)
Program scripts/qemu-version.sh found: YES (/home/zuherj/codehub/qemu_pv_device/scripts/qemu-version.sh)

Executing subproject libvhost-user 

Project name: libvhost-user
Project version: undefined
C compiler for the host machine: cc -m64 -mcx16 (gcc 11.4.0 "cc (Ubuntu 11.4.0-1ubuntu1~22.04) 11.4.0")
C linker for the host machine: cc -m64 -mcx16 ld.bfd 2.38
C compiler for the build machine: cc -m64 -mcx16 (gcc 11.4.0 "cc (Ubuntu 11.4.0-1ubuntu1~22.04) 11.4.0")
C linker for the build machine: cc -m64 -mcx16 ld.bfd 2.38
Dependency threads found: YES unknown (cached)
Dependency glib-2.0 found: YES 6.2.0 (overridden)
Build targets in project: 9
Subproject libvhost-user finished.

Program scripts/decodetree.py found: YES (/usr/bin/python3 /home/zuherj/codehub/qemu_pv_device/scripts/decodetree.py)
Program ../scripts/modules/module_block.py found: YES (/usr/bin/python3 /home/zuherj/codehub/qemu_pv_device/block/../scripts/modules/module_block.py)
Program ../scripts/block-coroutine-wrapper.py found: YES (/usr/bin/python3 /home/zuherj/codehub/qemu_pv_device/block/../scripts/block-coroutine-wrapper.py)
Program scripts/modinfo-collect.py found: YES (/home/zuherj/codehub/qemu_pv_device/scripts/modinfo-collect.py)
Program scripts/modinfo-generate.py found: YES (/home/zuherj/codehub/qemu_pv_device/scripts/modinfo-generate.py)
Program nm found: YES
Program scripts/undefsym.py found: YES (/usr/bin/python3 /home/zuherj/codehub/qemu_pv_device/scripts/undefsym.py)
Program scripts/feature_to_c.sh found: YES (/bin/sh /home/zuherj/codehub/qemu_pv_device/scripts/feature_to_c.sh)
Configuring 50-edk2-i386-secure.json using configuration
Configuring 50-edk2-x86_64-secure.json using configuration
Configuring 60-edk2-aarch64.json using configuration
Configuring 60-edk2-arm.json using configuration
Configuring 60-edk2-i386.json using configuration
Configuring 60-edk2-x86_64.json using configuration
Program qemu-keymap found: NO
Program cp found: YES (/usr/bin/cp)
Program sphinx-build-3 sphinx-build found: NO
Program python3 found: YES (/usr/bin/python3)
Adding benchmark "benchmark-crypto-hash"
Adding benchmark "benchmark-crypto-hmac"
Adding benchmark "benchmark-crypto-cipher"
Adding test "decodetree"
Adding test "fp-test-float-to-float"
Adding test "fp-test-int-to-float"
Adding test "fp-test-uint-to-float"
Adding test "fp-test-float-to-int"
Adding test "fp-test-float-to-uint"
Adding test "fp-test-round-to-integer"
Adding test "fp-test-eq_signaling"
Adding test "fp-test-le"
Adding test "fp-test-le_quiet"
Adding test "fp-test-lt_quiet"
Adding test "fp-test-add"
Adding test "fp-test-sub"
Adding test "fp-test-mul"
Adding test "fp-test-div"
Adding test "fp-test-rem"
Adding test "fp-test-sqrt"
Adding test "fp-test-mulAdd"
Adding test "fp-test-log2"
Adding test "check-block-qdict"
Adding test "check-qdict"
Adding test "check-qnum"
Adding test "check-qstring"
Adding test "check-qlist"
Adding test "check-qnull"
Adding test "check-qobject"
Adding test "check-qjson"
Adding test "check-qlit"
Adding test "test-qobject-output-visitor"
Adding test "test-clone-visitor"
Adding test "test-qobject-input-visitor"
Adding test "test-forward-visitor"
Adding test "test-string-input-visitor"
Adding test "test-string-output-visitor"
Adding test "test-opts-visitor"
Adding test "test-visitor-serialization"
Adding test "test-bitmap"
Adding test "test-x86-cpuid"
Adding test "test-cutils"
Adding test "test-div128"
Adding test "test-shift128"
Adding test "test-mul64"
Adding test "test-int128"
Adding test "rcutorture"
Adding test "test-rcu-list"
Adding test "test-rcu-simpleq"
Adding test "test-rcu-tailq"
Adding test "test-rcu-slist"
Adding test "test-qdist"
Adding test "test-qht"
Adding test "test-bitops"
Adding test "test-bitcnt"
Adding test "test-qgraph"
Adding test "check-qom-interface"
Adding test "check-qom-proplist"
Adding test "test-qemu-opts"
Adding test "test-keyval"
Adding test "test-logging"
Adding test "test-uuid"
Adding test "ptimer-test"
Adding test "test-qapi-util"
Adding test "test-smp-parse"
Adding test "test-qmp-event"
Adding test "test-coroutine"
Adding test "test-aio"
Adding test "test-aio-multithread"
Adding test "test-throttle"
Adding test "test-thread-pool"
Adding test "test-hbitmap"
Adding test "test-bdrv-drain"
Adding test "test-bdrv-graph-mod"
Adding test "test-blockjob"
Adding test "test-blockjob-txn"
Adding test "test-block-backend"
Adding test "test-block-iothread"
Adding test "test-write-threshold"
Adding test "test-crypto-hash"
Adding test "test-crypto-hmac"
Adding test "test-crypto-cipher"
Adding test "test-crypto-secret"
Adding test "test-authz-simple"
Adding test "test-authz-list"
Adding test "test-authz-listfile"
Adding test "test-io-task"
Adding test "test-io-channel-socket"
Adding test "test-io-channel-file"
Adding test "test-io-channel-command"
Adding test "test-io-channel-buffer"
Adding test "test-crypto-ivgen"
Adding test "test-crypto-afsplit"
Adding test "test-crypto-block"
Adding test "test-image-locking"
Adding test "test-replication"
Adding test "test-iov"
Adding test "test-qmp-cmds"
Adding test "test-xbzrle"
Adding test "test-timed-average"
Adding test "test-util-sockets"
Adding test "test-base64"
Adding test "test-bufferiszero"
Adding test "test-vmstate"
Adding test "test-yank"
Adding test "test-char"
Adding test "test-qdev-global-props"
Adding test "test-qga"
Adding test "QAPI schema regression tests"
Program diff found: YES (/usr/bin/diff)
Program dbus-daemon found: YES (/usr/bin/dbus-daemon)
Adding test "qtest-x86_64/pxe-test"
Adding test "qtest-x86_64/test-netfilter"
Adding test "qtest-x86_64/test-filter-mirror"
Adding test "qtest-x86_64/ahci-test"
Adding test "qtest-x86_64/endianness-test"
Adding test "qtest-x86_64/boot-serial-test"
Adding test "qtest-x86_64/test-filter-redirector"
Adding test "qtest-x86_64/ipmi-kcs-test"
Adding test "qtest-x86_64/ipmi-bt-test"
Adding test "qtest-x86_64/wdt_ib700-test"
Adding test "qtest-x86_64/pvpanic-test"
Adding test "qtest-x86_64/pvpanic-pci-test"
Adding test "qtest-x86_64/intel-hda-test"
Adding test "qtest-x86_64/i82801b11-test"
Adding test "qtest-x86_64/ioh3420-test"
Adding test "qtest-x86_64/lpc-ich9-test"
Adding test "qtest-x86_64/usb-hcd-uhci-test"
Adding test "qtest-x86_64/usb-hcd-ehci-test"
Adding test "qtest-x86_64/usb-hcd-xhci-test"
Adding test "qtest-x86_64/tpm-crb-test"
Adding test "qtest-x86_64/tpm-crb-swtpm-test"
Adding test "qtest-x86_64/tpm-tis-test"
Adding test "qtest-x86_64/tpm-tis-swtpm-test"
Adding test "qtest-x86_64/rtl8139-test"
Adding test "qtest-x86_64/fuzz-e1000e-test"
Adding test "qtest-x86_64/am53c974-test"
Adding test "qtest-x86_64/bios-tables-test"
Adding test "qtest-x86_64/display-vga-test"
Adding test "qtest-x86_64/ivshmem-test"
Adding test "qtest-x86_64/fdc-test"
Adding test "qtest-x86_64/ide-test"
Adding test "qtest-x86_64/hd-geo-test"
Adding test "qtest-x86_64/boot-order-test"
Adding test "qtest-x86_64/rtc-test"
Adding test "qtest-x86_64/i440fx-test"
Adding test "qtest-x86_64/fw_cfg-test"
Adding test "qtest-x86_64/device-plug-test"
Adding test "qtest-x86_64/drive_del-test"
Adding test "qtest-x86_64/tco-test"
Adding test "qtest-x86_64/cpu-plug-test"
Adding test "qtest-x86_64/q35-test"
Adding test "qtest-x86_64/vmgenid-test"
Adding test "qtest-x86_64/migration-test"
Adding test "qtest-x86_64/test-x86-cpuid-compat"
Adding test "qtest-x86_64/numa-test"
Adding test "qtest-x86_64/fuzz-megasas-test"
Adding test "qtest-x86_64/fuzz-virtio-scsi-test"
Adding test "qtest-x86_64/fuzz-sb16-test"
Adding test "qtest-x86_64/fuzz-sdcard-test"
Adding test "qtest-x86_64/cdrom-test"
Adding test "qtest-x86_64/device-introspect-test"
Adding test "qtest-x86_64/machine-none-test"
Adding test "qtest-x86_64/qmp-test"
Adding test "qtest-x86_64/qmp-cmd-test"
Adding test "qtest-x86_64/qom-test"
Adding test "qtest-x86_64/test-hmp"
Adding test "qtest-x86_64/qos-test"
Program initrd-stress.sh found: YES (/home/zuherj/codehub/qemu_pv_device/tests/migration/initrd-stress.sh)
Build targets in project: 465

qemu 6.2.0

  Directories
    Install prefix               : /usr/local
    BIOS directory               : share/qemu
    firmware path                : /usr/local/share/qemu-firmware
    binary directory             : bin
    library directory            : lib
    module directory             : lib/qemu
    libexec directory            : libexec
    include directory            : include
    config directory             : /usr/local/etc
    local state directory        : /usr/local/var
    Manual directory             : share/man
    Doc directory                : /usr/local/share/doc
    Build directory              : /home/zuherj/codehub/qemu_pv_device/build
    Source path                  : /home/zuherj/codehub/qemu_pv_device
    GIT submodules               : ui/keycodemapdb tests/fp/berkeley-testfloat-3 tests/fp/berkeley-softfloat-3 dtc capstone slirp

  Host binaries
    git                          : git
    make                         : make
    python                       : /usr/bin/python3 (version: 3.10)
    sphinx-build                 : NO
    genisoimage                  : 
    smbd                         : "/usr/sbin/smbd"

  Configurable features
    Documentation                : NO
    system-mode emulation        : YES
    user-mode emulation          : NO
    ZCDEV support                : YES
    block layer                  : YES
    Install blobs                : YES
    module support               : NO
    fuzzing support              : NO
    Audio drivers                : oss
    Trace backends               : log
    QOM debugging                : YES
    vhost-kernel support         : YES
    vhost-net support            : YES
    vhost-crypto support         : YES
    vhost-scsi support           : YES
    vhost-vsock support          : YES
    vhost-user support           : YES
    vhost-user-blk server support: YES
    vhost-user-fs support        : YES
    vhost-vdpa support           : YES
    build guest agent            : YES

  Compilation
    host CPU                     : x86_64
    host endianness              : little
    C compiler                   : cc -m64 -mcx16
    Host C compiler              : cc -m64 -mcx16
    C++ compiler                 : c++ -m64 -mcx16
    CFLAGS                       : -O0 -g
    CXXFLAGS                     : -O0 -g
    QEMU_CFLAGS                  : -D_GNU_SOURCE -D_FILE_OFFSET_BITS=64 -D_LARGEFILE_SOURCE -Wstrict-prototypes -Wredundant-decls -Wundef -Wwrite-strings -Wmissing-prototypes -fno-strict-aliasing -fno-common -fwrapv -Wold-style-declaration -Wold-style-definition -Wtype-limits -Wformat-security -Wformat-y2k -Winit-self -Wignored-qualifiers -Wempty-body -Wnested-externs -Wendif-labels -Wexpansion-to-defined -Wimplicit-fallthrough=2 -Wno-missing-include-dirs -Wno-shift-negative-value -Wno-psabi -fstack-protector-strong
    QEMU_LDFLAGS                 : -Wl,--warn-common -Wl,-z,relro -Wl,-z,now  -fstack-protector-strong
    profiler                     : NO
    link-time optimization (LTO) : NO
    PIE                          : YES
    static build                 : NO
    malloc trim support          : YES
    membarrier                   : NO
    debug stack usage            : NO
    mutex debugging              : YES
    memory allocator             : system
    avx2 optimization            : YES
    avx512f optimization         : NO
    gprof enabled                : NO
    gcov                         : NO
    thread sanitizer             : NO
    CFI support                  : NO
    strip binaries               : NO
    sparse                       : NO
    mingw32 support              : NO
    x86_64 tests                 : cc

  Targets and accelerators
    KVM support                  : YES
    HAX support                  : NO
    HVF support                  : NO
    WHPX support                 : NO
    NVMM support                 : NO
    Xen support                  : NO
    TCG support                  : YES
    TCG backend                  : native (x86_64)
    TCG plugins                  : YES
    TCG debug enabled            : YES
    target list                  : x86_64-softmmu
    default devices              : YES
    out of process emulation     : YES

  Block layer support
    coroutine backend            : ucontext
    coroutine pool               : YES
    Block whitelist (rw)         : 
    Block whitelist (ro)         : 
    Use block whitelist in tools : NO
    VirtFS support               : YES
    build virtiofs daemon        : NO
    Live block migration         : YES
    replication support          : YES
    bochs support                : YES
    cloop support                : YES
    dmg support                  : YES
    qcow v1 support              : YES
    vdi support                  : YES
    vvfat support                : YES
    qed support                  : YES
    parallels support            : YES
    FUSE exports                 : NO

  Crypto
    TLS priority                 : "NORMAL"
    GNUTLS support               : NO
    libgcrypt                    : NO
    nettle                       : NO
    crypto afalg                 : NO
    rng-none                     : NO
    Linux keyring                : YES

  Dependencies
    SDL support                  : NO
    SDL image support            : NO
    GTK support                  : NO
    pixman                       : [1;32mYES[0m [1;36m0.40.0[0m
    VTE support                  : NO
    slirp support                : [1;32mYES[0m [1;36m4.6.1[0m
    libtasn1                     : NO
    PAM                          : NO
    iconv support                : YES
    curses support               : YES
    virgl support                : NO
    curl support                 : NO
    Multipath support            : NO
    VNC support                  : YES
    VNC SASL support             : NO
    VNC JPEG support             : NO
    VNC PNG support              : NO
    OSS support                  : YES
    ALSA support                 : NO
    PulseAudio support           : NO
    JACK support                 : NO
    brlapi support               : NO
    vde support                  : YES
    netmap support               : NO
    l2tpv3 support               : YES
    Linux AIO support            : NO
    Linux io_uring support       : NO
    ATTR/XATTR support           : YES
    RDMA support                 : NO
    PVRDMA support               : NO
    fdt support                  : system
    libcap-ng support            : YES
    bpf support                  : NO
    spice protocol support       : NO
    rbd support                  : NO
    xfsctl support               : NO
    smartcard support            : NO
    U2F support                  : NO
    libusb                       : NO
    usb net redir                : NO
    OpenGL support               : NO
    GBM                          : NO
    libiscsi support             : NO
    libnfs support               : NO
    seccomp support              : NO
    GlusterFS support            : NO
    TPM support                  : YES
    libssh support               : YES
    lzo support                  : NO
    snappy support               : NO
    bzip2 support                : NO
    lzfse support                : NO
    zstd support                 : NO
    NUMA host support            : NO
    libxml2                      : NO
    capstone                     : internal
    libpmem support              : NO
    libdaxctl support            : NO
    libudev                      : NO
    FUSE lseek                   : NO
    selinux                      : [1;32mYES[0m [1;36m3.3[0m

  Subprojects
    libvhost-user                : YES

  User defined options
    Native files                 : config-meson.cross
    bindir                       : /usr/local/bin
    datadir                      : /usr/local/share
    debug                        : true
    includedir                   : /usr/local/include
    libdir                       : /usr/local/lib
    libexecdir                   : /usr/local/libexec
    localedir                    : /usr/local/share/locale
    localstatedir                : /usr/local/var
    mandir                       : /usr/local/share/man
    optimization                 : 0
    prefix                       : /usr/local
    strip                        : false
    sysconfdir                   : /usr/local/etc
    werror                       : true
    b_coverage                   : false
    b_lto                        : false
    b_pie                        : true
    audio_drv_list               : default
    capstone                     : auto
    cfi                          : false
    default_devices              : true
    docdir                       : /usr/local/share/doc
    fdt                          : auto
    qemu_firmwarepath            : /usr/local/share/qemu-firmware
    qemu_suffix                  : qemu
    slirp                        : auto
    sphinx_build                 : 
    tcg                          : enabled
    trace_file                   : trace
    xen                          : disabled
    zcdev                        : enabled

Found ninja-1.10.1 at /usr/bin/ninja
Running compile:
Working directory:  /home/zuherj/codehub/qemu_pv_device/build/meson-private/tmpk3md31gs
Command line:  cc -m64 -mcx16 /home/zuherj/codehub/qemu_pv_device/build/meson-private/tmpk3md31gs/testfile.c -o /home/zuherj/codehub/qemu_pv_device/build/meson-private/tmpk3md31gs/output.obj -c -D_FILE_OFFSET_BITS=64 -O0 --print-search-dirs 

Code:
 
Compiler stdout:
 install: /usr/lib/gcc/x86_64-linux-gnu/11/
programs: =/usr/lib/gcc/x86_64-linux-gnu/11/:/usr/lib/gcc/x86_64-linux-gnu/11/:/usr/lib/gcc/x86_64-linux-gnu/:/usr/lib/gcc/x86_64-linux-gnu/11/:/usr/lib/gcc/x86_64-linux-gnu/:/usr/lib/gcc/x86_64-linux-gnu/11/../../../../x86_64-linux-gnu/bin/x86_64-linux-gnu/11/:/usr/lib/gcc/x86_64-linux-gnu/11/../../../../x86_64-linux-gnu/bin/x86_64-linux-gnu/:/usr/lib/gcc/x86_64-linux-gnu/11/../../../../x86_64-linux-gnu/bin/
libraries: =/usr/lib/gcc/x86_64-linux-gnu/11/:/usr/lib/gcc/x86_64-linux-gnu/11/../../../../x86_64-linux-gnu/lib/x86_64-linux-gnu/11/:/usr/lib/gcc/x86_64-linux-gnu/11/../../../../x86_64-linux-gnu/lib/x86_64-linux-gnu/:/usr/lib/gcc/x86_64-linux-gnu/11/../../../../x86_64-linux-gnu/lib/../lib/:/usr/lib/gcc/x86_64-linux-gnu/11/../../../x86_64-linux-gnu/11/:/usr/lib/gcc/x86_64-linux-gnu/11/../../../x86_64-linux-gnu/:/usr/lib/gcc/x86_64-linux-gnu/11/../../../../lib/:/lib/x86_64-linux-gnu/11/:/lib/x86_64-linux-gnu/:/lib/../lib/:/usr/lib/x86_64-linux-gnu/11/:/usr/lib/x86_64-linux-gnu/:/usr/lib/../lib/:/usr/lib/gcc/x86_64-linux-gnu/11/../../../../x86_64-linux-gnu/lib/:/usr/lib/gcc/x86_64-linux-gnu/11/../../../:/lib/:/usr/lib/

Compiler stderr:
 
Failed to guess install tag for /usr/local/share/icons/hicolor/16x16/apps/qemu.png
Failed to guess install tag for /usr/local/share/icons/hicolor/24x24/apps/qemu.png
Failed to guess install tag for /usr/local/share/icons/hicolor/32x32/apps/qemu.png
Failed to guess install tag for /usr/local/share/icons/hicolor/48x48/apps/qemu.png
Failed to guess install tag for /usr/local/share/icons/hicolor/64x64/apps/qemu.png
Failed to guess install tag for /usr/local/share/icons/hicolor/128x128/apps/qemu.png
Failed to guess install tag for /usr/local/share/icons/hicolor/256x256/apps/qemu.png
Failed to guess install tag for /usr/local/share/icons/hicolor/512x512/apps/qemu.png
Failed to guess install tag for /usr/local/share/icons/hicolor/32x32/apps/qemu.bmp
Failed to guess install tag for /usr/local/share/icons/hicolor/scalable/apps/qemu.svg
Failed to guess install tag for /usr/local/share/applications/qemu.desktop
Failed to guess install tag for /usr/local/share/qemu/bios.bin
Failed to guess install tag for /usr/local/share/qemu/bios-256k.bin
Failed to guess install tag for /usr/local/share/qemu/bios-microvm.bin
Failed to guess install tag for /usr/local/share/qemu/qboot.rom
Failed to guess install tag for /usr/local/share/qemu/sgabios.bin
Failed to guess install tag for /usr/local/share/qemu/vgabios.bin
Failed to guess install tag for /usr/local/share/qemu/vgabios-cirrus.bin
Failed to guess install tag for /usr/local/share/qemu/vgabios-stdvga.bin
Failed to guess install tag for /usr/local/share/qemu/vgabios-vmware.bin
Failed to guess install tag for /usr/local/share/qemu/vgabios-qxl.bin
Failed to guess install tag for /usr/local/share/qemu/vgabios-virtio.bin
Failed to guess install tag for /usr/local/share/qemu/vgabios-ramfb.bin
Failed to guess install tag for /usr/local/share/qemu/vgabios-bochs-display.bin
Failed to guess install tag for /usr/local/share/qemu/vgabios-ati.bin
Failed to guess install tag for /usr/local/share/qemu/openbios-sparc32
Failed to guess install tag for /usr/local/share/qemu/openbios-sparc64
Failed to guess install tag for /usr/local/share/qemu/openbios-ppc
Failed to guess install tag for /usr/local/share/qemu/QEMU,tcx.bin
Failed to guess install tag for /usr/local/share/qemu/QEMU,cgthree.bin
Failed to guess install tag for /usr/local/share/qemu/pxe-e1000.rom
Failed to guess install tag for /usr/local/share/qemu/pxe-eepro100.rom
Failed to guess install tag for /usr/local/share/qemu/pxe-ne2k_pci.rom
Failed to guess install tag for /usr/local/share/qemu/pxe-pcnet.rom
Failed to guess install tag for /usr/local/share/qemu/pxe-rtl8139.rom
Failed to guess install tag for /usr/local/share/qemu/pxe-virtio.rom
Failed to guess install tag for /usr/local/share/qemu/efi-e1000.rom
Failed to guess install tag for /usr/local/share/qemu/efi-eepro100.rom
Failed to guess install tag for /usr/local/share/qemu/efi-ne2k_pci.rom
Failed to guess install tag for /usr/local/share/qemu/efi-pcnet.rom
Failed to guess install tag for /usr/local/share/qemu/efi-rtl8139.rom
Failed to guess install tag for /usr/local/share/qemu/efi-virtio.rom
Failed to guess install tag for /usr/local/share/qemu/efi-e1000e.rom
Failed to guess install tag for /usr/local/share/qemu/efi-vmxnet3.rom
Failed to guess install tag for /usr/local/share/qemu/qemu-nsis.bmp
Failed to guess install tag for /usr/local/share/qemu/bamboo.dtb
Failed to guess install tag for /usr/local/share/qemu/canyonlands.dtb
Failed to guess install tag for /usr/local/share/qemu/petalogix-s3adsp1800.dtb
Failed to guess install tag for /usr/local/share/qemu/petalogix-ml605.dtb
Failed to guess install tag for /usr/local/share/qemu/multiboot.bin
Failed to guess install tag for /usr/local/share/qemu/multiboot_dma.bin
Failed to guess install tag for /usr/local/share/qemu/linuxboot.bin
Failed to guess install tag for /usr/local/share/qemu/linuxboot_dma.bin
Failed to guess install tag for /usr/local/share/qemu/kvmvapic.bin
Failed to guess install tag for /usr/local/share/qemu/pvh.bin
Failed to guess install tag for /usr/local/share/qemu/s390-ccw.img
Failed to guess install tag for /usr/local/share/qemu/s390-netboot.img
Failed to guess install tag for /usr/local/share/qemu/slof.bin
Failed to guess install tag for /usr/local/share/qemu/skiboot.lid
Failed to guess install tag for /usr/local/share/qemu/palcode-clipper
Failed to guess install tag for /usr/local/share/qemu/u-boot.e500
Failed to guess install tag for /usr/local/share/qemu/u-boot-sam460-20100605.bin
Failed to guess install tag for /usr/local/share/qemu/qemu_vga.ndrv
Failed to guess install tag for /usr/local/share/qemu/edk2-licenses.txt
Failed to guess install tag for /usr/local/share/qemu/hppa-firmware.img
Failed to guess install tag for /usr/local/share/qemu/opensbi-riscv32-generic-fw_dynamic.bin
Failed to guess install tag for /usr/local/share/qemu/opensbi-riscv64-generic-fw_dynamic.bin
Failed to guess install tag for /usr/local/share/qemu/opensbi-riscv32-generic-fw_dynamic.elf
Failed to guess install tag for /usr/local/share/qemu/opensbi-riscv64-generic-fw_dynamic.elf
Failed to guess install tag for /usr/local/share/qemu/npcm7xx_bootrom.bin
Failed to guess install tag for /usr/local/share/qemu/firmware/50-edk2-i386-secure.json
Failed to guess install tag for /usr/local/share/qemu/firmware/50-edk2-x86_64-secure.json
Failed to guess install tag for /usr/local/share/qemu/firmware/60-edk2-aarch64.json
Failed to guess install tag for /usr/local/share/qemu/firmware/60-edk2-arm.json
Failed to guess install tag for /usr/local/share/qemu/firmware/60-edk2-i386.json
Failed to guess install tag for /usr/local/share/qemu/firmware/60-edk2-x86_64.json
Failed to guess install tag for /usr/local/share/qemu/keymaps/sl
Failed to guess install tag for /usr/local/share/qemu/keymaps/sv
Command line for building ['libcommon.fa'] is long, using a response file
Failed to guess install tag for /usr/local/share/icons/hicolor/16x16/apps/qemu.png
Failed to guess install tag for /usr/local/share/icons/hicolor/24x24/apps/qemu.png
Failed to guess install tag for /usr/local/share/icons/hicolor/32x32/apps/qemu.png
Failed to guess install tag for /usr/local/share/icons/hicolor/48x48/apps/qemu.png
Failed to guess install tag for /usr/local/share/icons/hicolor/64x64/apps/qemu.png
Failed to guess install tag for /usr/local/share/icons/hicolor/128x128/apps/qemu.png
Failed to guess install tag for /usr/local/share/icons/hicolor/256x256/apps/qemu.png
Failed to guess install tag for /usr/local/share/icons/hicolor/512x512/apps/qemu.png
Failed to guess install tag for /usr/local/share/icons/hicolor/32x32/apps/qemu.bmp
Failed to guess install tag for /usr/local/share/icons/hicolor/scalable/apps/qemu.svg
Failed to guess install tag for /usr/local/share/applications/qemu.desktop
Failed to guess install tag for /usr/local/share/qemu/bios.bin
Failed to guess install tag for /usr/local/share/qemu/bios-256k.bin
Failed to guess install tag for /usr/local/share/qemu/bios-microvm.bin
Failed to guess install tag for /usr/local/share/qemu/qboot.rom
Failed to guess install tag for /usr/local/share/qemu/sgabios.bin
Failed to guess install tag for /usr/local/share/qemu/vgabios.bin
Failed to guess install tag for /usr/local/share/qemu/vgabios-cirrus.bin
Failed to guess install tag for /usr/local/share/qemu/vgabios-stdvga.bin
Failed to guess install tag for /usr/local/share/qemu/vgabios-vmware.bin
Failed to guess install tag for /usr/local/share/qemu/vgabios-qxl.bin
Failed to guess install tag for /usr/local/share/qemu/vgabios-virtio.bin
Failed to guess install tag for /usr/local/share/qemu/vgabios-ramfb.bin
Failed to guess install tag for /usr/local/share/qemu/vgabios-bochs-display.bin
Failed to guess install tag for /usr/local/share/qemu/vgabios-ati.bin
Failed to guess install tag for /usr/local/share/qemu/openbios-sparc32
Failed to guess install tag for /usr/local/share/qemu/openbios-sparc64
Failed to guess install tag for /usr/local/share/qemu/openbios-ppc
Failed to guess install tag for /usr/local/share/qemu/QEMU,tcx.bin
Failed to guess install tag for /usr/local/share/qemu/QEMU,cgthree.bin
Failed to guess install tag for /usr/local/share/qemu/pxe-e1000.rom
Failed to guess install tag for /usr/local/share/qemu/pxe-eepro100.rom
Failed to guess install tag for /usr/local/share/qemu/pxe-ne2k_pci.rom
Failed to guess install tag for /usr/local/share/qemu/pxe-pcnet.rom
Failed to guess install tag for /usr/local/share/qemu/pxe-rtl8139.rom
Failed to guess install tag for /usr/local/share/qemu/pxe-virtio.rom
Failed to guess install tag for /usr/local/share/qemu/efi-e1000.rom
Failed to guess install tag for /usr/local/share/qemu/efi-eepro100.rom
Failed to guess install tag for /usr/local/share/qemu/efi-ne2k_pci.rom
Failed to guess install tag for /usr/local/share/qemu/efi-pcnet.rom
Failed to guess install tag for /usr/local/share/qemu/efi-rtl8139.rom
Failed to guess install tag for /usr/local/share/qemu/efi-virtio.rom
Failed to guess install tag for /usr/local/share/qemu/efi-e1000e.rom
Failed to guess install tag for /usr/local/share/qemu/efi-vmxnet3.rom
Failed to guess install tag for /usr/local/share/qemu/qemu-nsis.bmp
Failed to guess install tag for /usr/local/share/qemu/bamboo.dtb
Failed to guess install tag for /usr/local/share/qemu/canyonlands.dtb
Failed to guess install tag for /usr/local/share/qemu/petalogix-s3adsp1800.dtb
Failed to guess install tag for /usr/local/share/qemu/petalogix-ml605.dtb
Failed to guess install tag for /usr/local/share/qemu/multiboot.bin
Failed to guess install tag for /usr/local/share/qemu/multiboot_dma.bin
Failed to guess install tag for /usr/local/share/qemu/linuxboot.bin
Failed to guess install tag for /usr/local/share/qemu/linuxboot_dma.bin
Failed to guess install tag for /usr/local/share/qemu/kvmvapic.bin
Failed to guess install tag for /usr/local/share/qemu/pvh.bin
Failed to guess install tag for /usr/local/share/qemu/s390-ccw.img
Failed to guess install tag for /usr/local/share/qemu/s390-netboot.img
Failed to guess install tag for /usr/local/share/qemu/slof.bin
Failed to guess install tag for /usr/local/share/qemu/skiboot.lid
Failed to guess install tag for /usr/local/share/qemu/palcode-clipper
Failed to guess install tag for /usr/local/share/qemu/u-boot.e500
Failed to guess install tag for /usr/local/share/qemu/u-boot-sam460-20100605.bin
Failed to guess install tag for /usr/local/share/qemu/qemu_vga.ndrv
Failed to guess install tag for /usr/local/share/qemu/edk2-licenses.txt
Failed to guess install tag for /usr/local/share/qemu/hppa-firmware.img
Failed to guess install tag for /usr/local/share/qemu/opensbi-riscv32-generic-fw_dynamic.bin
Failed to guess install tag for /usr/local/share/qemu/opensbi-riscv64-generic-fw_dynamic.bin
Failed to guess install tag for /usr/local/share/qemu/opensbi-riscv32-generic-fw_dynamic.elf
Failed to guess install tag for /usr/local/share/qemu/opensbi-riscv64-generic-fw_dynamic.elf
Failed to guess install tag for /usr/local/share/qemu/npcm7xx_bootrom.bin
Failed to guess install tag for /usr/local/share/qemu/firmware/50-edk2-i386-secure.json
Failed to guess install tag for /usr/local/share/qemu/firmware/50-edk2-x86_64-secure.json
Failed to guess install tag for /usr/local/share/qemu/firmware/60-edk2-aarch64.json
Failed to guess install tag for /usr/local/share/qemu/firmware/60-edk2-arm.json
Failed to guess install tag for /usr/local/share/qemu/firmware/60-edk2-i386.json
Failed to guess install tag for /usr/local/share/qemu/firmware/60-edk2-x86_64.json
Failed to guess install tag for /usr/local/share/qemu/keymaps/sl
Failed to guess install tag for /usr/local/share/qemu/keymaps/sv
